Analysis & Synthesis report for Aula17
Wed May 25 12:17:44 2022
Quartus Prime Version 20.1.0 Build 711 06/05/2020 SJ Lite Edition


---------------------
; Table of Contents ;
---------------------
  1. Legal Notice
  2. Analysis & Synthesis Summary
  3. Analysis & Synthesis Settings
  4. Parallel Compilation
  5. Analysis & Synthesis Messages



----------------
; Legal Notice ;
----------------
Copyright (C) 2020  Intel Corporation. All rights reserved.
Your use of Intel Corporation's design tools, logic functions 
and other software and tools, and any partner logic 
functions, and any output files from any of the foregoing 
(including device programming or simulation files), and any 
associated documentation or information are expressly subject 
to the terms and conditions of the Intel Program License 
Subscription Agreement, the Intel Quartus Prime License Agreement,
the Intel FPGA IP License Agreement, or other applicable license
agreement, including, without limitation, that your use is for
the sole purpose of programming logic devices manufactured by
Intel and sold by Intel or its authorized distributors.  Please
refer to the applicable agreement for further details, at
https://fpgasoftware.intel.com/eula.



+---------------------------------------------------------------------------+
; Analysis & Synthesis Summary                                              ;
+-----------------------------+---------------------------------------------+
; Analysis & Synthesis Status ; Failed - Wed May 25 12:17:44 2022           ;
; Quartus Prime Version       ; 20.1.0 Build 711 06/05/2020 SJ Lite Edition ;
; Revision Name               ; Aula17                                      ;
; Top-level Entity Name       ; instrucoes                                  ;
; Family                      ; Cyclone V                                   ;
; Logic utilization (in ALMs) ; N/A until Partition Merge                   ;
; Total registers             ; N/A until Partition Merge                   ;
; Total pins                  ; N/A until Partition Merge                   ;
; Total virtual pins          ; N/A until Partition Merge                   ;
; Total block memory bits     ; N/A until Partition Merge                   ;
; Total PLLs                  ; N/A until Partition Merge                   ;
; Total DLLs                  ; N/A until Partition Merge                   ;
+-----------------------------+---------------------------------------------+


+---------------------------------------------------------------------------------------------------------------------------+
; Analysis & Synthesis Settings                                                                                             ;
+---------------------------------------------------------------------------------+--------------------+--------------------+
; Option                                                                          ; Setting            ; Default Value      ;
+---------------------------------------------------------------------------------+--------------------+--------------------+
; Device                                                                          ; 5CGXFC7C7F23C8     ;                    ;
; Top-level entity name                                                           ; instrucoes         ; Aula17             ;
; Family name                                                                     ; Cyclone V          ; Cyclone V          ;
; VHDL Show LMF Mapping Messages                                                  ; Off                ;                    ;
; VHDL Version                                                                    ; VHDL_2008          ; VHDL_1993          ;
; Use smart compilation                                                           ; Off                ; Off                ;
; Enable parallel Assembler and Timing Analyzer during compilation                ; On                 ; On                 ;
; Enable compact report table                                                     ; Off                ; Off                ;
; Restructure Multiplexers                                                        ; Auto               ; Auto               ;
; MLAB Add Timing Constraints For Mixed-Port Feed-Through Mode Setting Don't Care ; Off                ; Off                ;
; Create Debugging Nodes for IP Cores                                             ; Off                ; Off                ;
; Preserve fewer node names                                                       ; On                 ; On                 ;
; Intel FPGA IP Evaluation Mode                                                   ; Enable             ; Enable             ;
; Verilog Version                                                                 ; Verilog_2001       ; Verilog_2001       ;
; State Machine Processing                                                        ; Auto               ; Auto               ;
; Safe State Machine                                                              ; Off                ; Off                ;
; Extract Verilog State Machines                                                  ; On                 ; On                 ;
; Extract VHDL State Machines                                                     ; On                 ; On                 ;
; Ignore Verilog initial constructs                                               ; Off                ; Off                ;
; Iteration limit for constant Verilog loops                                      ; 5000               ; 5000               ;
; Iteration limit for non-constant Verilog loops                                  ; 250                ; 250                ;
; Add Pass-Through Logic to Inferred RAMs                                         ; On                 ; On                 ;
; Infer RAMs from Raw Logic                                                       ; On                 ; On                 ;
; Parallel Synthesis                                                              ; On                 ; On                 ;
; DSP Block Balancing                                                             ; Auto               ; Auto               ;
; NOT Gate Push-Back                                                              ; On                 ; On                 ;
; Power-Up Don't Care                                                             ; On                 ; On                 ;
; Remove Redundant Logic Cells                                                    ; Off                ; Off                ;
; Remove Duplicate Registers                                                      ; On                 ; On                 ;
; Ignore CARRY Buffers                                                            ; Off                ; Off                ;
; Ignore CASCADE Buffers                                                          ; Off                ; Off                ;
; Ignore GLOBAL Buffers                                                           ; Off                ; Off                ;
; Ignore ROW GLOBAL Buffers                                                       ; Off                ; Off                ;
; Ignore LCELL Buffers                                                            ; Off                ; Off                ;
; Ignore SOFT Buffers                                                             ; On                 ; On                 ;
; Limit AHDL Integers to 32 Bits                                                  ; Off                ; Off                ;
; Optimization Technique                                                          ; Balanced           ; Balanced           ;
; Carry Chain Length                                                              ; 70                 ; 70                 ;
; Auto Carry Chains                                                               ; On                 ; On                 ;
; Auto Open-Drain Pins                                                            ; On                 ; On                 ;
; Perform WYSIWYG Primitive Resynthesis                                           ; Off                ; Off                ;
; Auto ROM Replacement                                                            ; On                 ; On                 ;
; Auto RAM Replacement                                                            ; On                 ; On                 ;
; Auto DSP Block Replacement                                                      ; On                 ; On                 ;
; Auto Shift Register Replacement                                                 ; Auto               ; Auto               ;
; Allow Shift Register Merging across Hierarchies                                 ; Auto               ; Auto               ;
; Auto Clock Enable Replacement                                                   ; On                 ; On                 ;
; Strict RAM Replacement                                                          ; Off                ; Off                ;
; Allow Synchronous Control Signals                                               ; On                 ; On                 ;
; Force Use of Synchronous Clear Signals                                          ; Off                ; Off                ;
; Auto Resource Sharing                                                           ; Off                ; Off                ;
; Allow Any RAM Size For Recognition                                              ; Off                ; Off                ;
; Allow Any ROM Size For Recognition                                              ; Off                ; Off                ;
; Allow Any Shift Register Size For Recognition                                   ; Off                ; Off                ;
; Use LogicLock Constraints during Resource Balancing                             ; On                 ; On                 ;
; Ignore translate_off and synthesis_off directives                               ; Off                ; Off                ;
; Timing-Driven Synthesis                                                         ; On                 ; On                 ;
; Report Parameter Settings                                                       ; On                 ; On                 ;
; Report Source Assignments                                                       ; On                 ; On                 ;
; Report Connectivity Checks                                                      ; On                 ; On                 ;
; Ignore Maximum Fan-Out Assignments                                              ; Off                ; Off                ;
; Synchronization Register Chain Length                                           ; 3                  ; 3                  ;
; Power Optimization During Synthesis                                             ; Normal compilation ; Normal compilation ;
; HDL message level                                                               ; Level2             ; Level2             ;
; Suppress Register Optimization Related Messages                                 ; Off                ; Off                ;
; Number of Removed Registers Reported in Synthesis Report                        ; 5000               ; 5000               ;
; Number of Swept Nodes Reported in Synthesis Report                              ; 5000               ; 5000               ;
; Number of Inverted Registers Reported in Synthesis Report                       ; 100                ; 100                ;
; Clock MUX Protection                                                            ; On                 ; On                 ;
; Auto Gated Clock Conversion                                                     ; Off                ; Off                ;
; Block Design Naming                                                             ; Auto               ; Auto               ;
; SDC constraint protection                                                       ; Off                ; Off                ;
; Synthesis Effort                                                                ; Auto               ; Auto               ;
; Shift Register Replacement - Allow Asynchronous Clear Signal                    ; On                 ; On                 ;
; Pre-Mapping Resynthesis Optimization                                            ; Off                ; Off                ;
; Analysis & Synthesis Message Level                                              ; Medium             ; Medium             ;
; Disable Register Merging Across Hierarchies                                     ; Auto               ; Auto               ;
; Resource Aware Inference For Block RAM                                          ; On                 ; On                 ;
; Automatic Parallel Synthesis                                                    ; On                 ; On                 ;
; Partial Reconfiguration Bitstream ID                                            ; Off                ; Off                ;
+---------------------------------------------------------------------------------+--------------------+--------------------+


+------------------------------------------+
; Parallel Compilation                     ;
+----------------------------+-------------+
; Processors                 ; Number      ;
+----------------------------+-------------+
; Number detected on machine ; 4           ;
; Maximum allowed            ; 2           ;
;                            ;             ;
; Average used               ; 1.00        ;
; Maximum used               ; 1           ;
;                            ;             ;
; Usage by Processor         ; % Time Used ;
;     Processor 1            ; 100.0%      ;
+----------------------------+-------------+


+-------------------------------+
; Analysis & Synthesis Messages ;
+-------------------------------+
Info: *******************************************************************
Info: Running Quartus Prime Analysis & Synthesis
    Info: Version 20.1.0 Build 711 06/05/2020 SJ Lite Edition
    Info: Processing started: Wed May 25 12:17:33 2022
Info: Command: quartus_map --read_settings_files=on --write_settings_files=off Aula17 -c Aula17
Warning (18236): Number of processors has not been specified which may cause overloading on shared machines.  Set the global assignment NUM_PARALLEL_PROCESSORS in your QSF to an appropriate value for best performance.
Info (20030): Parallel compilation is enabled and will use 2 of the 2 processors detected
Info (12021): Found 2 design units, including 1 entities, in source file ulasomasub.vhd
    Info (12022): Found design unit 1: ULASomaSub-comportamento File: C:/Users/Bea/descomp/meu_careca_preferido/atividades/atividade_17/ULASomaSub.vhd Line: 15
    Info (12023): Found entity 1: ULASomaSub File: C:/Users/Bea/descomp/meu_careca_preferido/atividades/atividade_17/ULASomaSub.vhd Line: 5
Info (12021): Found 2 design units, including 1 entities, in source file somaum.vhd
    Info (12022): Found design unit 1: somaUm-comportamento File: C:/Users/Bea/descomp/meu_careca_preferido/atividades/atividade_17/somaUm.vhd Line: 19
    Info (12023): Found entity 1: somaUm File: C:/Users/Bea/descomp/meu_careca_preferido/atividades/atividade_17/somaUm.vhd Line: 6
Info (12021): Found 2 design units, including 1 entities, in source file somadorgenerico.vhd
    Info (12022): Found design unit 1: somadorGenerico-comportamento File: C:/Users/Bea/descomp/meu_careca_preferido/atividades/atividade_17/somadorGenerico.vhd Line: 17
    Info (12023): Found entity 1: somadorGenerico File: C:/Users/Bea/descomp/meu_careca_preferido/atividades/atividade_17/somadorGenerico.vhd Line: 5
Info (12021): Found 2 design units, including 1 entities, in source file shift2.vhd
    Info (12022): Found design unit 1: shift2-comportamento File: C:/Users/Bea/descomp/meu_careca_preferido/atividades/atividade_17/shift2.vhd Line: 17
    Info (12023): Found entity 1: shift2 File: C:/Users/Bea/descomp/meu_careca_preferido/atividades/atividade_17/shift2.vhd Line: 5
Info (12021): Found 2 design units, including 1 entities, in source file rommips.vhd
    Info (12022): Found design unit 1: ROMMIPS-assincrona File: C:/Users/Bea/descomp/meu_careca_preferido/atividades/atividade_17/ROMMIPS.vhd Line: 15
    Info (12023): Found entity 1: ROMMIPS File: C:/Users/Bea/descomp/meu_careca_preferido/atividades/atividade_17/ROMMIPS.vhd Line: 5
Info (12021): Found 2 design units, including 1 entities, in source file registradorgenerico.vhd
    Info (12022): Found design unit 1: registradorGenerico-comportamento File: C:/Users/Bea/descomp/meu_careca_preferido/atividades/atividade_17/registradorGenerico.vhd Line: 16
    Info (12023): Found entity 1: registradorGenerico File: C:/Users/Bea/descomp/meu_careca_preferido/atividades/atividade_17/registradorGenerico.vhd Line: 5
Info (12021): Found 2 design units, including 1 entities, in source file rammips.vhd
    Info (12022): Found design unit 1: RAMMIPS-assincrona File: C:/Users/Bea/descomp/meu_careca_preferido/atividades/atividade_17/RAMMIPS.vhd Line: 18
    Info (12023): Found entity 1: RAMMIPS File: C:/Users/Bea/descomp/meu_careca_preferido/atividades/atividade_17/RAMMIPS.vhd Line: 5
Info (12021): Found 2 design units, including 1 entities, in source file instrucoes.vhd
    Info (12022): Found design unit 1: instrucoes-arquitetura File: C:/Users/Bea/descomp/meu_careca_preferido/atividades/atividade_17/instrucoes.vhd Line: 26
    Info (12023): Found entity 1: instrucoes File: C:/Users/Bea/descomp/meu_careca_preferido/atividades/atividade_17/instrucoes.vhd Line: 5
Info (12021): Found 2 design units, including 1 entities, in source file instrucaor.vhd
    Info (12022): Found design unit 1: instrucaoR-arquitetura File: C:/Users/Bea/descomp/meu_careca_preferido/atividades/atividade_17/instrucaoR.vhd Line: 26
    Info (12023): Found entity 1: instrucaoR File: C:/Users/Bea/descomp/meu_careca_preferido/atividades/atividade_17/instrucaoR.vhd Line: 5
Info (12021): Found 2 design units, including 1 entities, in source file instrucaoi.vhd
    Info (12022): Found design unit 1: FDinstrucaoI-arquitetura File: C:/Users/Bea/descomp/meu_careca_preferido/atividades/atividade_17/instrucaoI.vhd Line: 26
    Info (12023): Found entity 1: FDinstrucaoI File: C:/Users/Bea/descomp/meu_careca_preferido/atividades/atividade_17/instrucaoI.vhd Line: 5
Info (12021): Found 2 design units, including 1 entities, in source file estendesinalgenerico.vhd
    Info (12022): Found design unit 1: estendeSinalGenerico-comportamento File: C:/Users/Bea/descomp/meu_careca_preferido/atividades/atividade_17/estendeSinalGenerico.vhd Line: 19
    Info (12023): Found entity 1: estendeSinalGenerico File: C:/Users/Bea/descomp/meu_careca_preferido/atividades/atividade_17/estendeSinalGenerico.vhd Line: 4
Info (12021): Found 2 design units, including 1 entities, in source file bancoreg.vhd
    Info (12022): Found design unit 1: bancoReg-comportamento File: C:/Users/Bea/descomp/meu_careca_preferido/atividades/atividade_17/bancoReg.vhd Line: 30
    Info (12023): Found entity 1: bancoReg File: C:/Users/Bea/descomp/meu_careca_preferido/atividades/atividade_17/bancoReg.vhd Line: 7
Info (12021): Found 2 design units, including 1 entities, in source file xor1.vhd
    Info (12022): Found design unit 1: xor1-comportamento File: C:/Users/Bea/descomp/meu_careca_preferido/atividades/atividade_17/xor1.vhd Line: 23
    Info (12023): Found entity 1: xor1 File: C:/Users/Bea/descomp/meu_careca_preferido/atividades/atividade_17/xor1.vhd Line: 5
Info (12021): Found 2 design units, including 1 entities, in source file ula_mips_bit31.vhd
    Info (12022): Found design unit 1: ULA_MIPS_bit31-arquitetura File: C:/Users/Bea/descomp/meu_careca_preferido/atividades/atividade_17/ULA_MIPS_bit31.vhd Line: 32
    Info (12023): Found entity 1: ULA_MIPS_bit31 File: C:/Users/Bea/descomp/meu_careca_preferido/atividades/atividade_17/ULA_MIPS_bit31.vhd Line: 8
Info (12021): Found 2 design units, including 1 entities, in source file ula_mips_32.vhd
    Info (12022): Found design unit 1: ULA_MIPS_32-arquitetura File: C:/Users/Bea/descomp/meu_careca_preferido/atividades/atividade_17/ULA_MIPS_32.vhd Line: 33
    Info (12023): Found entity 1: ULA_MIPS_32 File: C:/Users/Bea/descomp/meu_careca_preferido/atividades/atividade_17/ULA_MIPS_32.vhd Line: 9
Info (12021): Found 2 design units, including 1 entities, in source file ula_mips_1bit.vhd
    Info (12022): Found design unit 1: ULA_MIPS_1bit-arquitetura File: C:/Users/Bea/descomp/meu_careca_preferido/atividades/atividade_17/ULA_MIPS_1bit.vhd Line: 31
    Info (12023): Found entity 1: ULA_MIPS_1bit File: C:/Users/Bea/descomp/meu_careca_preferido/atividades/atividade_17/ULA_MIPS_1bit.vhd Line: 8
Info (12021): Found 2 design units, including 1 entities, in source file ula_mips.vhd
    Info (12022): Found design unit 1: ULA_MIPS-arquitetura File: C:/Users/Bea/descomp/meu_careca_preferido/atividades/atividade_17/ULA_MIPS.vhd Line: 32
    Info (12023): Found entity 1: ULA_MIPS File: C:/Users/Bea/descomp/meu_careca_preferido/atividades/atividade_17/ULA_MIPS.vhd Line: 8
Info (12021): Found 2 design units, including 1 entities, in source file somadorcompleto.vhd
    Info (12022): Found design unit 1: SomadorCompleto-comportamento File: C:/Users/Bea/descomp/meu_careca_preferido/atividades/atividade_17/SomadorCompleto.vhd Line: 16
    Info (12023): Found entity 1: SomadorCompleto File: C:/Users/Bea/descomp/meu_careca_preferido/atividades/atividade_17/SomadorCompleto.vhd Line: 5
Info (12021): Found 2 design units, including 1 entities, in source file muxgenerico4x1.vhd
    Info (12022): Found design unit 1: muxGenerico4x1-comportamento File: C:/Users/Bea/descomp/meu_careca_preferido/atividades/atividade_17/muxGenerico4x1.vhd Line: 14
    Info (12023): Found entity 1: muxGenerico4x1 File: C:/Users/Bea/descomp/meu_careca_preferido/atividades/atividade_17/muxGenerico4x1.vhd Line: 4
Info (12021): Found 2 design units, including 1 entities, in source file muxgenerico2x1.vhd
    Info (12022): Found design unit 1: muxGenerico2x1-comportamento File: C:/Users/Bea/descomp/meu_careca_preferido/atividades/atividade_17/muxGenerico2x1.vhd Line: 14
    Info (12023): Found entity 1: muxGenerico2x1 File: C:/Users/Bea/descomp/meu_careca_preferido/atividades/atividade_17/muxGenerico2x1.vhd Line: 4
Info (12021): Found 2 design units, including 1 entities, in source file unidadedecontrole.vhd
    Info (12022): Found design unit 1: UnidadeDeControle-comportamento File: C:/Users/Bea/descomp/meu_careca_preferido/atividades/atividade_17/UnidadeDeControle.vhd Line: 11
    Info (12023): Found entity 1: UnidadeDeControle File: C:/Users/Bea/descomp/meu_careca_preferido/atividades/atividade_17/UnidadeDeControle.vhd Line: 5
Info (12021): Found 2 design units, including 1 entities, in source file unidadedecontroleula.vhd
    Info (12022): Found design unit 1: UnidadeDeControleULA-comportamento File: C:/Users/Bea/descomp/meu_careca_preferido/atividades/atividade_17/UnidadeDeControleULA.vhd Line: 11
    Info (12023): Found entity 1: UnidadeDeControleULA File: C:/Users/Bea/descomp/meu_careca_preferido/atividades/atividade_17/UnidadeDeControleULA.vhd Line: 4
Error (10481): VHDL Use Clause error at ULA_MIPS_bit31.vhd(42): design library "work" does not contain primary unit "muxGenericoULA2x1". Verify that the primary unit exists in the library and has been successfully compiled. File: C:/Users/Bea/descomp/meu_careca_preferido/atividades/atividade_17/ULA_MIPS_bit31.vhd Line: 42
Error: Quartus Prime Analysis & Synthesis was unsuccessful. 1 error, 1 warning
    Error: Peak virtual memory: 4825 megabytes
    Error: Processing ended: Wed May 25 12:17:45 2022
    Error: Elapsed time: 00:00:12
    Error: Total CPU time (on all processors): 00:00:23


