Analysis & Synthesis report for aula8
Sun May 01 16:17:25 2022
Quartus Prime Version 20.1.0 Build 711 06/05/2020 SJ Lite Edition


---------------------
; Table of Contents ;
---------------------
  1. Legal Notice
  2. Analysis & Synthesis Summary
  3. Analysis & Synthesis Settings
  4. Parallel Compilation
  5. Analysis & Synthesis Source Files Read
  6. Analysis & Synthesis Resource Usage Summary
  7. Analysis & Synthesis Resource Utilization by Entity
  8. General Register Statistics
  9. Multiplexer Restructuring Statistics (Restructuring Performed)
 10. Parameter Settings for User Entity Instance: Top-level Entity: |contador
 11. Parameter Settings for User Entity Instance: memoriaROM:ROM
 12. Parameter Settings for User Entity Instance: memoriaRAM:RAM
 13. Parameter Settings for User Entity Instance: CPU:CPU
 14. Parameter Settings for User Entity Instance: CPU:CPU|muxGenerico2x1:MUX_ULA
 15. Parameter Settings for User Entity Instance: CPU:CPU|registradorGenerico:REG_A
 16. Parameter Settings for User Entity Instance: CPU:CPU|registradorGenerico:PC
 17. Parameter Settings for User Entity Instance: CPU:CPU|somaUm:PC_INC
 18. Parameter Settings for User Entity Instance: CPU:CPU|registradorGenerico:END_RETORNO
 19. Parameter Settings for User Entity Instance: CPU:CPU|muxGenerico4x1:MUX_DESVIO
 20. Parameter Settings for User Entity Instance: CPU:CPU|ULASomaSub:ULA
 21. Parameter Settings for User Entity Instance: registradorGenerico:RegLEDconj
 22. Parameter Settings for User Entity Instance: decHex7seg:HEX0_decoder|registradorGenerico:REG_4bits
 23. Parameter Settings for User Entity Instance: decHex7seg:HEX1_decoder|registradorGenerico:REG_4bits
 24. Parameter Settings for User Entity Instance: decHex7seg:HEX2_decoder|registradorGenerico:REG_4bits
 25. Parameter Settings for User Entity Instance: decHex7seg:HEX3_decoder|registradorGenerico:REG_4bits
 26. Parameter Settings for User Entity Instance: decHex7seg:HEX4_decoder|registradorGenerico:REG_4bits
 27. Parameter Settings for User Entity Instance: decHex7seg:HEX5_decoder|registradorGenerico:REG_4bits
 28. Parameter Settings for User Entity Instance: buffer_3_state:bufferSWConj
 29. Parameter Settings for User Entity Instance: buffer_3_state:bufferSW8
 30. Parameter Settings for User Entity Instance: buffer_3_state:bufferSW9
 31. Parameter Settings for User Entity Instance: buffer_3_state:bufferKEY0
 32. Parameter Settings for User Entity Instance: buffer_3_state:bufferKEY1
 33. Parameter Settings for User Entity Instance: buffer_3_state:bufferKEY2
 34. Parameter Settings for User Entity Instance: buffer_3_state:bufferKEY3
 35. Parameter Settings for User Entity Instance: buffer_3_state:bufferRESET
 36. Port Connectivity Checks: "flipFlop:FF_Debouncer"
 37. Port Connectivity Checks: "decHex7seg:HEX0_decoder|conversorHex7Seg:DECODER_7seg"
 38. Port Connectivity Checks: "decHex7seg:HEX0_decoder|registradorGenerico:REG_4bits"
 39. Port Connectivity Checks: "decoder3x8:decoderAddr"
 40. Port Connectivity Checks: "decoder3x8:decoderBlock"
 41. Port Connectivity Checks: "registradorGenerico:RegLEDconj"
 42. Port Connectivity Checks: "flipFlop:FFLED9"
 43. Port Connectivity Checks: "flipFlop:FFLED8"
 44. Port Connectivity Checks: "CPU:CPU|flipFlop:FLAG"
 45. Port Connectivity Checks: "CPU:CPU|muxGenerico4x1:MUX_DESVIO"
 46. Port Connectivity Checks: "CPU:CPU|registradorGenerico:END_RETORNO"
 47. Port Connectivity Checks: "CPU:CPU|registradorGenerico:PC"
 48. Port Connectivity Checks: "CPU:CPU|registradorGenerico:REG_A"
 49. Port Connectivity Checks: "CPU:CPU"
 50. Post-Synthesis Netlist Statistics for Top Partition
 51. Elapsed Time Per Partition
 52. Analysis & Synthesis Messages



----------------
; Legal Notice ;
----------------
Copyright (C) 2020  Intel Corporation. All rights reserved.
Your use of Intel Corporation's design tools, logic functions 
and other software and tools, and any partner logic 
functions, and any output files from any of the foregoing 
(including device programming or simulation files), and any 
associated documentation or information are expressly subject 
to the terms and conditions of the Intel Program License 
Subscription Agreement, the Intel Quartus Prime License Agreement,
the Intel FPGA IP License Agreement, or other applicable license
agreement, including, without limitation, that your use is for
the sole purpose of programming logic devices manufactured by
Intel and sold by Intel or its authorized distributors.  Please
refer to the applicable agreement for further details, at
https://fpgasoftware.intel.com/eula.



+-------------------------------------------------------------------------------+
; Analysis & Synthesis Summary                                                  ;
+---------------------------------+---------------------------------------------+
; Analysis & Synthesis Status     ; Successful - Sun May 01 16:17:25 2022       ;
; Quartus Prime Version           ; 20.1.0 Build 711 06/05/2020 SJ Lite Edition ;
; Revision Name                   ; aula8                                       ;
; Top-level Entity Name           ; contador                                    ;
; Family                          ; Cyclone V                                   ;
; Logic utilization (in ALMs)     ; N/A                                         ;
; Total registers                 ; 573                                         ;
; Total pins                      ; 101                                         ;
; Total virtual pins              ; 0                                           ;
; Total block memory bits         ; 0                                           ;
; Total DSP Blocks                ; 0                                           ;
; Total HSSI RX PCSs              ; 0                                           ;
; Total HSSI PMA RX Deserializers ; 0                                           ;
; Total HSSI TX PCSs              ; 0                                           ;
; Total HSSI PMA TX Serializers   ; 0                                           ;
; Total PLLs                      ; 0                                           ;
; Total DLLs                      ; 0                                           ;
+---------------------------------+---------------------------------------------+


+---------------------------------------------------------------------------------------------------------------------------+
; Analysis & Synthesis Settings                                                                                             ;
+---------------------------------------------------------------------------------+--------------------+--------------------+
; Option                                                                          ; Setting            ; Default Value      ;
+---------------------------------------------------------------------------------+--------------------+--------------------+
; Device                                                                          ; 5CEBA4F23C7        ;                    ;
; Top-level entity name                                                           ; contador           ; aula8              ;
; Family name                                                                     ; Cyclone V          ; Cyclone V          ;
; Maximum processors allowed for parallel compilation                             ; All                ;                    ;
; VHDL Show LMF Mapping Messages                                                  ; Off                ;                    ;
; VHDL Version                                                                    ; VHDL_2008          ; VHDL_1993          ;
; Use smart compilation                                                           ; Off                ; Off                ;
; Enable parallel Assembler and Timing Analyzer during compilation                ; On                 ; On                 ;
; Enable compact report table                                                     ; Off                ; Off                ;
; Restructure Multiplexers                                                        ; Auto               ; Auto               ;
; MLAB Add Timing Constraints For Mixed-Port Feed-Through Mode Setting Don't Care ; Off                ; Off                ;
; Create Debugging Nodes for IP Cores                                             ; Off                ; Off                ;
; Preserve fewer node names                                                       ; On                 ; On                 ;
; Intel FPGA IP Evaluation Mode                                                   ; Enable             ; Enable             ;
; Verilog Version                                                                 ; Verilog_2001       ; Verilog_2001       ;
; State Machine Processing                                                        ; Auto               ; Auto               ;
; Safe State Machine                                                              ; Off                ; Off                ;
; Extract Verilog State Machines                                                  ; On                 ; On                 ;
; Extract VHDL State Machines                                                     ; On                 ; On                 ;
; Ignore Verilog initial constructs                                               ; Off                ; Off                ;
; Iteration limit for constant Verilog loops                                      ; 5000               ; 5000               ;
; Iteration limit for non-constant Verilog loops                                  ; 250                ; 250                ;
; Add Pass-Through Logic to Inferred RAMs                                         ; On                 ; On                 ;
; Infer RAMs from Raw Logic                                                       ; On                 ; On                 ;
; Parallel Synthesis                                                              ; On                 ; On                 ;
; DSP Block Balancing                                                             ; Auto               ; Auto               ;
; NOT Gate Push-Back                                                              ; On                 ; On                 ;
; Power-Up Don't Care                                                             ; On                 ; On                 ;
; Remove Redundant Logic Cells                                                    ; Off                ; Off                ;
; Remove Duplicate Registers                                                      ; On                 ; On                 ;
; Ignore CARRY Buffers                                                            ; Off                ; Off                ;
; Ignore CASCADE Buffers                                                          ; Off                ; Off                ;
; Ignore GLOBAL Buffers                                                           ; Off                ; Off                ;
; Ignore ROW GLOBAL Buffers                                                       ; Off                ; Off                ;
; Ignore LCELL Buffers                                                            ; Off                ; Off                ;
; Ignore SOFT Buffers                                                             ; On                 ; On                 ;
; Limit AHDL Integers to 32 Bits                                                  ; Off                ; Off                ;
; Optimization Technique                                                          ; Balanced           ; Balanced           ;
; Carry Chain Length                                                              ; 70                 ; 70                 ;
; Auto Carry Chains                                                               ; On                 ; On                 ;
; Auto Open-Drain Pins                                                            ; On                 ; On                 ;
; Perform WYSIWYG Primitive Resynthesis                                           ; Off                ; Off                ;
; Auto ROM Replacement                                                            ; On                 ; On                 ;
; Auto RAM Replacement                                                            ; On                 ; On                 ;
; Auto DSP Block Replacement                                                      ; On                 ; On                 ;
; Auto Shift Register Replacement                                                 ; Auto               ; Auto               ;
; Allow Shift Register Merging across Hierarchies                                 ; Auto               ; Auto               ;
; Auto Clock Enable Replacement                                                   ; On                 ; On                 ;
; Strict RAM Replacement                                                          ; Off                ; Off                ;
; Allow Synchronous Control Signals                                               ; On                 ; On                 ;
; Force Use of Synchronous Clear Signals                                          ; Off                ; Off                ;
; Auto Resource Sharing                                                           ; Off                ; Off                ;
; Allow Any RAM Size For Recognition                                              ; Off                ; Off                ;
; Allow Any ROM Size For Recognition                                              ; Off                ; Off                ;
; Allow Any Shift Register Size For Recognition                                   ; Off                ; Off                ;
; Use LogicLock Constraints during Resource Balancing                             ; On                 ; On                 ;
; Ignore translate_off and synthesis_off directives                               ; Off                ; Off                ;
; Timing-Driven Synthesis                                                         ; On                 ; On                 ;
; Report Parameter Settings                                                       ; On                 ; On                 ;
; Report Source Assignments                                                       ; On                 ; On                 ;
; Report Connectivity Checks                                                      ; On                 ; On                 ;
; Ignore Maximum Fan-Out Assignments                                              ; Off                ; Off                ;
; Synchronization Register Chain Length                                           ; 3                  ; 3                  ;
; Power Optimization During Synthesis                                             ; Normal compilation ; Normal compilation ;
; HDL message level                                                               ; Level2             ; Level2             ;
; Suppress Register Optimization Related Messages                                 ; Off                ; Off                ;
; Number of Removed Registers Reported in Synthesis Report                        ; 5000               ; 5000               ;
; Number of Swept Nodes Reported in Synthesis Report                              ; 5000               ; 5000               ;
; Number of Inverted Registers Reported in Synthesis Report                       ; 100                ; 100                ;
; Clock MUX Protection                                                            ; On                 ; On                 ;
; Auto Gated Clock Conversion                                                     ; Off                ; Off                ;
; Block Design Naming                                                             ; Auto               ; Auto               ;
; SDC constraint protection                                                       ; Off                ; Off                ;
; Synthesis Effort                                                                ; Auto               ; Auto               ;
; Shift Register Replacement - Allow Asynchronous Clear Signal                    ; On                 ; On                 ;
; Pre-Mapping Resynthesis Optimization                                            ; Off                ; Off                ;
; Analysis & Synthesis Message Level                                              ; Medium             ; Medium             ;
; Disable Register Merging Across Hierarchies                                     ; Auto               ; Auto               ;
; Resource Aware Inference For Block RAM                                          ; On                 ; On                 ;
; Automatic Parallel Synthesis                                                    ; On                 ; On                 ;
; Partial Reconfiguration Bitstream ID                                            ; Off                ; Off                ;
+---------------------------------------------------------------------------------+--------------------+--------------------+


+------------------------------------------+
; Parallel Compilation                     ;
+----------------------------+-------------+
; Processors                 ; Number      ;
+----------------------------+-------------+
; Number detected on machine ; 4           ;
; Maximum allowed            ; 2           ;
;                            ;             ;
; Average used               ; 1.00        ;
; Maximum used               ; 2           ;
;                            ;             ;
; Usage by Processor         ; % Time Used ;
;     Processor 1            ; 100.0%      ;
;     Processor 2            ;   0.0%      ;
+----------------------------+-------------+


+---------------------------------------------------------------------------------------------------------------------------------------------------------------------------+
; Analysis & Synthesis Source Files Read                                                                                                                                    ;
+----------------------------------+-----------------+-----------------+------------------------------------------------------------------------------------------+---------+
; File Name with User-Entered Path ; Used in Netlist ; File Type       ; File Name with Absolute Path                                                             ; Library ;
+----------------------------------+-----------------+-----------------+------------------------------------------------------------------------------------------+---------+
; buffer_3_state.vhd               ; yes             ; User VHDL File  ; C:/Users/Bea/descomp/meu_careca_preferido/atividades/atividade_8/buffer_3_state.vhd      ;         ;
; ULASomaSub.vhd                   ; yes             ; User VHDL File  ; C:/Users/Bea/descomp/meu_careca_preferido/atividades/atividade_8/ULASomaSub.vhd          ;         ;
; somaUm.vhd                       ; yes             ; User VHDL File  ; C:/Users/Bea/descomp/meu_careca_preferido/atividades/atividade_8/somaUm.vhd              ;         ;
; registradorGenerico.vhd          ; yes             ; User VHDL File  ; C:/Users/Bea/descomp/meu_careca_preferido/atividades/atividade_8/registradorGenerico.vhd ;         ;
; muxGenerico4x1.vhd               ; yes             ; User VHDL File  ; C:/Users/Bea/descomp/meu_careca_preferido/atividades/atividade_8/muxGenerico4x1.vhd      ;         ;
; muxGenerico2x1.vhd               ; yes             ; User VHDL File  ; C:/Users/Bea/descomp/meu_careca_preferido/atividades/atividade_8/muxGenerico2x1.vhd      ;         ;
; memoriaRAM.vhd                   ; yes             ; User VHDL File  ; C:/Users/Bea/descomp/meu_careca_preferido/atividades/atividade_8/memoriaRAM.vhd          ;         ;
; memoria.vhd                      ; yes             ; User VHDL File  ; C:/Users/Bea/descomp/meu_careca_preferido/atividades/atividade_8/memoria.vhd             ;         ;
; flipFlop.vhd                     ; yes             ; User VHDL File  ; C:/Users/Bea/descomp/meu_careca_preferido/atividades/atividade_8/flipFlop.vhd            ;         ;
; desvio.vhd                       ; yes             ; User VHDL File  ; C:/Users/Bea/descomp/meu_careca_preferido/atividades/atividade_8/desvio.vhd              ;         ;
; decoder3x8.vhd                   ; yes             ; User VHDL File  ; C:/Users/Bea/descomp/meu_careca_preferido/atividades/atividade_8/decoder3x8.vhd          ;         ;
; decoder.vhd                      ; yes             ; User VHDL File  ; C:/Users/Bea/descomp/meu_careca_preferido/atividades/atividade_8/decoder.vhd             ;         ;
; CPU.vhd                          ; yes             ; User VHDL File  ; C:/Users/Bea/descomp/meu_careca_preferido/atividades/atividade_8/CPU.vhd                 ;         ;
; contador.vhd                     ; yes             ; User VHDL File  ; C:/Users/Bea/descomp/meu_careca_preferido/atividades/atividade_8/contador.vhd            ;         ;
; conversorHex7Seg.vhd             ; yes             ; User VHDL File  ; C:/Users/Bea/descomp/meu_careca_preferido/atividades/atividade_8/conversorHex7Seg.vhd    ;         ;
; decHex7Seg.vhd                   ; yes             ; User VHDL File  ; C:/Users/Bea/descomp/meu_careca_preferido/atividades/atividade_8/decHex7Seg.vhd          ;         ;
+----------------------------------+-----------------+-----------------+------------------------------------------------------------------------------------------+---------+


+--------------------------------------------------------------+
; Analysis & Synthesis Resource Usage Summary                  ;
+---------------------------------------------+----------------+
; Resource                                    ; Usage          ;
+---------------------------------------------+----------------+
; Estimate of Logic utilization (ALMs needed) ; 467            ;
;                                             ;                ;
; Combinational ALUT usage for logic          ; 490            ;
;     -- 7 input functions                    ; 0              ;
;     -- 6 input functions                    ; 293            ;
;     -- 5 input functions                    ; 35             ;
;     -- 4 input functions                    ; 73             ;
;     -- <=3 input functions                  ; 89             ;
;                                             ;                ;
; Dedicated logic registers                   ; 573            ;
;                                             ;                ;
; I/O pins                                    ; 101            ;
;                                             ;                ;
; Total DSP Blocks                            ; 0              ;
;                                             ;                ;
; Maximum fan-out node                        ; CLOCK_50~input ;
; Maximum fan-out                             ; 573            ;
; Total fan-out                               ; 4337           ;
; Average fan-out                             ; 3.43           ;
+---------------------------------------------+----------------+


+---------------------------------------------------------------------------------------------------------------------------------------------------------------------------------------------------------------------------------------------------------+
; Analysis & Synthesis Resource Utilization by Entity                                                                                                                                                                                                     ;
+-----------------------------------------+---------------------+---------------------------+-------------------+------------+------+--------------+-----------------------------------------------------------------+---------------------+--------------+
; Compilation Hierarchy Node              ; Combinational ALUTs ; Dedicated Logic Registers ; Block Memory Bits ; DSP Blocks ; Pins ; Virtual Pins ; Full Hierarchy Name                                             ; Entity Name         ; Library Name ;
+-----------------------------------------+---------------------+---------------------------+-------------------+------------+------+--------------+-----------------------------------------------------------------+---------------------+--------------+
; |contador                               ; 490 (12)            ; 573 (0)                   ; 0                 ; 0          ; 101  ; 0            ; |contador                                                       ; contador            ; work         ;
;    |CPU:CPU|                            ; 53 (0)              ; 27 (0)                    ; 0                 ; 0          ; 0    ; 0            ; |contador|CPU:CPU                                               ; CPU                 ; work         ;
;       |ULASomaSub:ULA|                  ; 9 (9)               ; 0 (0)                     ; 0                 ; 0          ; 0    ; 0            ; |contador|CPU:CPU|ULASomaSub:ULA                                ; ULASomaSub          ; work         ;
;       |decoder:DECODER|                 ; 12 (12)             ; 0 (0)                     ; 0                 ; 0          ; 0    ; 0            ; |contador|CPU:CPU|decoder:DECODER                               ; decoder             ; work         ;
;       |desvio:DESVIO|                   ; 1 (1)               ; 0 (0)                     ; 0                 ; 0          ; 0    ; 0            ; |contador|CPU:CPU|desvio:DESVIO                                 ; desvio              ; work         ;
;       |flipFlop:FLAG|                   ; 5 (5)               ; 1 (1)                     ; 0                 ; 0          ; 0    ; 0            ; |contador|CPU:CPU|flipFlop:FLAG                                 ; flipFlop            ; work         ;
;       |muxGenerico2x1:MUX_ULA|          ; 8 (8)               ; 0 (0)                     ; 0                 ; 0          ; 0    ; 0            ; |contador|CPU:CPU|muxGenerico2x1:MUX_ULA                        ; muxGenerico2x1      ; work         ;
;       |muxGenerico4x1:MUX_DESVIO|       ; 9 (9)               ; 0 (0)                     ; 0                 ; 0          ; 0    ; 0            ; |contador|CPU:CPU|muxGenerico4x1:MUX_DESVIO                     ; muxGenerico4x1      ; work         ;
;       |registradorGenerico:END_RETORNO| ; 0 (0)               ; 9 (9)                     ; 0                 ; 0          ; 0    ; 0            ; |contador|CPU:CPU|registradorGenerico:END_RETORNO               ; registradorGenerico ; work         ;
;       |registradorGenerico:PC|          ; 0 (0)               ; 9 (9)                     ; 0                 ; 0          ; 0    ; 0            ; |contador|CPU:CPU|registradorGenerico:PC                        ; registradorGenerico ; work         ;
;       |registradorGenerico:REG_A|       ; 0 (0)               ; 8 (8)                     ; 0                 ; 0          ; 0    ; 0            ; |contador|CPU:CPU|registradorGenerico:REG_A                     ; registradorGenerico ; work         ;
;       |somaUm:PC_INC|                   ; 9 (9)               ; 0 (0)                     ; 0                 ; 0          ; 0    ; 0            ; |contador|CPU:CPU|somaUm:PC_INC                                 ; somaUm              ; work         ;
;    |buffer_3_state:bufferKEY0|          ; 1 (1)               ; 0 (0)                     ; 0                 ; 0          ; 0    ; 0            ; |contador|buffer_3_state:bufferKEY0                             ; buffer_3_state      ; work         ;
;    |buffer_3_state:bufferKEY1|          ; 2 (2)               ; 0 (0)                     ; 0                 ; 0          ; 0    ; 0            ; |contador|buffer_3_state:bufferKEY1                             ; buffer_3_state      ; work         ;
;    |buffer_3_state:bufferKEY2|          ; 2 (2)               ; 0 (0)                     ; 0                 ; 0          ; 0    ; 0            ; |contador|buffer_3_state:bufferKEY2                             ; buffer_3_state      ; work         ;
;    |buffer_3_state:bufferKEY3|          ; 1 (1)               ; 0 (0)                     ; 0                 ; 0          ; 0    ; 0            ; |contador|buffer_3_state:bufferKEY3                             ; buffer_3_state      ; work         ;
;    |buffer_3_state:bufferRESET|         ; 1 (1)               ; 0 (0)                     ; 0                 ; 0          ; 0    ; 0            ; |contador|buffer_3_state:bufferRESET                            ; buffer_3_state      ; work         ;
;    |buffer_3_state:bufferSW9|           ; 2 (2)               ; 0 (0)                     ; 0                 ; 0          ; 0    ; 0            ; |contador|buffer_3_state:bufferSW9                              ; buffer_3_state      ; work         ;
;    |decHex7seg:HEX0_decoder|            ; 7 (0)               ; 4 (0)                     ; 0                 ; 0          ; 0    ; 0            ; |contador|decHex7seg:HEX0_decoder                               ; decHex7seg          ; work         ;
;       |conversorHex7Seg:DECODER_7seg|   ; 7 (7)               ; 0 (0)                     ; 0                 ; 0          ; 0    ; 0            ; |contador|decHex7seg:HEX0_decoder|conversorHex7Seg:DECODER_7seg ; conversorHex7Seg    ; work         ;
;       |registradorGenerico:REG_4bits|   ; 0 (0)               ; 4 (4)                     ; 0                 ; 0          ; 0    ; 0            ; |contador|decHex7seg:HEX0_decoder|registradorGenerico:REG_4bits ; registradorGenerico ; work         ;
;    |decHex7seg:HEX1_decoder|            ; 7 (0)               ; 4 (0)                     ; 0                 ; 0          ; 0    ; 0            ; |contador|decHex7seg:HEX1_decoder                               ; decHex7seg          ; work         ;
;       |conversorHex7Seg:DECODER_7seg|   ; 7 (7)               ; 0 (0)                     ; 0                 ; 0          ; 0    ; 0            ; |contador|decHex7seg:HEX1_decoder|conversorHex7Seg:DECODER_7seg ; conversorHex7Seg    ; work         ;
;       |registradorGenerico:REG_4bits|   ; 0 (0)               ; 4 (4)                     ; 0                 ; 0          ; 0    ; 0            ; |contador|decHex7seg:HEX1_decoder|registradorGenerico:REG_4bits ; registradorGenerico ; work         ;
;    |decHex7seg:HEX2_decoder|            ; 7 (0)               ; 4 (0)                     ; 0                 ; 0          ; 0    ; 0            ; |contador|decHex7seg:HEX2_decoder                               ; decHex7seg          ; work         ;
;       |conversorHex7Seg:DECODER_7seg|   ; 7 (7)               ; 0 (0)                     ; 0                 ; 0          ; 0    ; 0            ; |contador|decHex7seg:HEX2_decoder|conversorHex7Seg:DECODER_7seg ; conversorHex7Seg    ; work         ;
;       |registradorGenerico:REG_4bits|   ; 0 (0)               ; 4 (4)                     ; 0                 ; 0          ; 0    ; 0            ; |contador|decHex7seg:HEX2_decoder|registradorGenerico:REG_4bits ; registradorGenerico ; work         ;
;    |decHex7seg:HEX3_decoder|            ; 7 (0)               ; 4 (0)                     ; 0                 ; 0          ; 0    ; 0            ; |contador|decHex7seg:HEX3_decoder                               ; decHex7seg          ; work         ;
;       |conversorHex7Seg:DECODER_7seg|   ; 7 (7)               ; 0 (0)                     ; 0                 ; 0          ; 0    ; 0            ; |contador|decHex7seg:HEX3_decoder|conversorHex7Seg:DECODER_7seg ; conversorHex7Seg    ; work         ;
;       |registradorGenerico:REG_4bits|   ; 0 (0)               ; 4 (4)                     ; 0                 ; 0          ; 0    ; 0            ; |contador|decHex7seg:HEX3_decoder|registradorGenerico:REG_4bits ; registradorGenerico ; work         ;
;    |decHex7seg:HEX4_decoder|            ; 7 (0)               ; 4 (0)                     ; 0                 ; 0          ; 0    ; 0            ; |contador|decHex7seg:HEX4_decoder                               ; decHex7seg          ; work         ;
;       |conversorHex7Seg:DECODER_7seg|   ; 7 (7)               ; 0 (0)                     ; 0                 ; 0          ; 0    ; 0            ; |contador|decHex7seg:HEX4_decoder|conversorHex7Seg:DECODER_7seg ; conversorHex7Seg    ; work         ;
;       |registradorGenerico:REG_4bits|   ; 0 (0)               ; 4 (4)                     ; 0                 ; 0          ; 0    ; 0            ; |contador|decHex7seg:HEX4_decoder|registradorGenerico:REG_4bits ; registradorGenerico ; work         ;
;    |decHex7seg:HEX5_decoder|            ; 7 (0)               ; 4 (0)                     ; 0                 ; 0          ; 0    ; 0            ; |contador|decHex7seg:HEX5_decoder                               ; decHex7seg          ; work         ;
;       |conversorHex7Seg:DECODER_7seg|   ; 7 (7)               ; 0 (0)                     ; 0                 ; 0          ; 0    ; 0            ; |contador|decHex7seg:HEX5_decoder|conversorHex7Seg:DECODER_7seg ; conversorHex7Seg    ; work         ;
;       |registradorGenerico:REG_4bits|   ; 0 (0)               ; 4 (4)                     ; 0                 ; 0          ; 0    ; 0            ; |contador|decHex7seg:HEX5_decoder|registradorGenerico:REG_4bits ; registradorGenerico ; work         ;
;    |flipFlop:FFLED8|                    ; 1 (1)               ; 1 (1)                     ; 0                 ; 0          ; 0    ; 0            ; |contador|flipFlop:FFLED8                                       ; flipFlop            ; work         ;
;    |flipFlop:FFLED9|                    ; 1 (1)               ; 1 (1)                     ; 0                 ; 0          ; 0    ; 0            ; |contador|flipFlop:FFLED9                                       ; flipFlop            ; work         ;
;    |memoriaRAM:RAM|                     ; 317 (317)           ; 512 (512)                 ; 0                 ; 0          ; 0    ; 0            ; |contador|memoriaRAM:RAM                                        ; memoriaRAM          ; work         ;
;    |memoriaROM:ROM|                     ; 55 (55)             ; 0 (0)                     ; 0                 ; 0          ; 0    ; 0            ; |contador|memoriaROM:ROM                                        ; memoriaROM          ; work         ;
;    |registradorGenerico:RegLEDconj|     ; 0 (0)               ; 8 (8)                     ; 0                 ; 0          ; 0    ; 0            ; |contador|registradorGenerico:RegLEDconj                        ; registradorGenerico ; work         ;
+-----------------------------------------+---------------------+---------------------------+-------------------+------------+------+--------------+-----------------------------------------------------------------+---------------------+--------------+
Note: For table entries with two numbers listed, the numbers in parentheses indicate the number of resources of the given type used by the specific entity alone. The numbers listed outside of parentheses indicate the total resources of the given type used by the specific entity and all of its sub-entities in the hierarchy.


+------------------------------------------------------+
; General Register Statistics                          ;
+----------------------------------------------+-------+
; Statistic                                    ; Value ;
+----------------------------------------------+-------+
; Total registers                              ; 573   ;
; Number of registers using Synchronous Clear  ; 0     ;
; Number of registers using Synchronous Load   ; 8     ;
; Number of registers using Asynchronous Clear ; 0     ;
; Number of registers using Asynchronous Load  ; 0     ;
; Number of registers using Clock Enable       ; 561   ;
; Number of registers using Preset             ; 0     ;
+----------------------------------------------+-------+


+----------------------------------------------------------------------------------------------------------------------------------------------------------------+
; Multiplexer Restructuring Statistics (Restructuring Performed)                                                                                                 ;
+--------------------+-----------+---------------+----------------------+------------------------+------------+--------------------------------------------------+
; Multiplexer Inputs ; Bus Width ; Baseline Area ; Area if Restructured ; Saving if Restructured ; Registered ; Example Multiplexer Output                       ;
+--------------------+-----------+---------------+----------------------+------------------------+------------+--------------------------------------------------+
; 4:1                ; 8 bits    ; 16 LEs        ; 16 LEs               ; 0 LEs                  ; Yes        ; |contador|CPU:CPU|registradorGenerico:PC|DOUT[1] ;
; 7:1                ; 3 bits    ; 12 LEs        ; 12 LEs               ; 0 LEs                  ; No         ; |contador|CPU:CPU|decoder:DECODER|saida[3]       ;
+--------------------+-----------+---------------+----------------------+------------------------+------------+--------------------------------------------------+


+--------------------------------------------------------------------------+
; Parameter Settings for User Entity Instance: Top-level Entity: |contador ;
+------------------+-------+-----------------------------------------------+
; Parameter Name   ; Value ; Type                                          ;
+------------------+-------+-----------------------------------------------+
; larguraDados     ; 8     ; Signed Integer                                ;
; larguraEndereco  ; 9     ; Signed Integer                                ;
; larguraInstrucao ; 13    ; Signed Integer                                ;
; larguraOpCode    ; 4     ; Signed Integer                                ;
; addrWidth        ; 6     ; Signed Integer                                ;
; simulacao        ; false ; Enumerated                                    ;
+------------------+-------+-----------------------------------------------+
Note: In order to hide this table in the UI and the text report file, please set the "Show Parameter Settings in Synthesis Report" option in "Analysis and Synthesis Settings -> More Settings" to "Off".


+-------------------------------------------------------------+
; Parameter Settings for User Entity Instance: memoriaROM:ROM ;
+----------------+-------+------------------------------------+
; Parameter Name ; Value ; Type                               ;
+----------------+-------+------------------------------------+
; datawidth      ; 13    ; Signed Integer                     ;
; addrwidth      ; 9     ; Signed Integer                     ;
+----------------+-------+------------------------------------+
Note: In order to hide this table in the UI and the text report file, please set the "Show Parameter Settings in Synthesis Report" option in "Analysis and Synthesis Settings -> More Settings" to "Off".


+-------------------------------------------------------------+
; Parameter Settings for User Entity Instance: memoriaRAM:RAM ;
+----------------+-------+------------------------------------+
; Parameter Name ; Value ; Type                               ;
+----------------+-------+------------------------------------+
; datawidth      ; 8     ; Signed Integer                     ;
; addrwidth      ; 6     ; Signed Integer                     ;
+----------------+-------+------------------------------------+
Note: In order to hide this table in the UI and the text report file, please set the "Show Parameter Settings in Synthesis Report" option in "Analysis and Synthesis Settings -> More Settings" to "Off".


+------------------------------------------------------+
; Parameter Settings for User Entity Instance: CPU:CPU ;
+------------------+-------+---------------------------+
; Parameter Name   ; Value ; Type                      ;
+------------------+-------+---------------------------+
; larguradados     ; 8     ; Signed Integer            ;
; larguraendereco  ; 9     ; Signed Integer            ;
; largurainstrucao ; 13    ; Signed Integer            ;
; larguraopcode    ; 4     ; Signed Integer            ;
; addrwidth        ; 6     ; Signed Integer            ;
; simulacao        ; true  ; Enumerated                ;
+------------------+-------+---------------------------+
Note: In order to hide this table in the UI and the text report file, please set the "Show Parameter Settings in Synthesis Report" option in "Analysis and Synthesis Settings -> More Settings" to "Off".


+-----------------------------------------------------------------------------+
; Parameter Settings for User Entity Instance: CPU:CPU|muxGenerico2x1:MUX_ULA ;
+----------------+-------+----------------------------------------------------+
; Parameter Name ; Value ; Type                                               ;
+----------------+-------+----------------------------------------------------+
; larguradados   ; 8     ; Signed Integer                                     ;
+----------------+-------+----------------------------------------------------+
Note: In order to hide this table in the UI and the text report file, please set the "Show Parameter Settings in Synthesis Report" option in "Analysis and Synthesis Settings -> More Settings" to "Off".


+--------------------------------------------------------------------------------+
; Parameter Settings for User Entity Instance: CPU:CPU|registradorGenerico:REG_A ;
+----------------+-------+-------------------------------------------------------+
; Parameter Name ; Value ; Type                                                  ;
+----------------+-------+-------------------------------------------------------+
; larguradados   ; 8     ; Signed Integer                                        ;
+----------------+-------+-------------------------------------------------------+
Note: In order to hide this table in the UI and the text report file, please set the "Show Parameter Settings in Synthesis Report" option in "Analysis and Synthesis Settings -> More Settings" to "Off".


+-----------------------------------------------------------------------------+
; Parameter Settings for User Entity Instance: CPU:CPU|registradorGenerico:PC ;
+----------------+-------+----------------------------------------------------+
; Parameter Name ; Value ; Type                                               ;
+----------------+-------+----------------------------------------------------+
; larguradados   ; 9     ; Signed Integer                                     ;
+----------------+-------+----------------------------------------------------+
Note: In order to hide this table in the UI and the text report file, please set the "Show Parameter Settings in Synthesis Report" option in "Analysis and Synthesis Settings -> More Settings" to "Off".


+--------------------------------------------------------------------+
; Parameter Settings for User Entity Instance: CPU:CPU|somaUm:PC_INC ;
+----------------+-------+-------------------------------------------+
; Parameter Name ; Value ; Type                                      ;
+----------------+-------+-------------------------------------------+
; larguradados   ; 9     ; Signed Integer                            ;
; constante      ; 1     ; Signed Integer                            ;
+----------------+-------+-------------------------------------------+
Note: In order to hide this table in the UI and the text report file, please set the "Show Parameter Settings in Synthesis Report" option in "Analysis and Synthesis Settings -> More Settings" to "Off".


+--------------------------------------------------------------------------------------+
; Parameter Settings for User Entity Instance: CPU:CPU|registradorGenerico:END_RETORNO ;
+----------------+-------+-------------------------------------------------------------+
; Parameter Name ; Value ; Type                                                        ;
+----------------+-------+-------------------------------------------------------------+
; larguradados   ; 9     ; Signed Integer                                              ;
+----------------+-------+-------------------------------------------------------------+
Note: In order to hide this table in the UI and the text report file, please set the "Show Parameter Settings in Synthesis Report" option in "Analysis and Synthesis Settings -> More Settings" to "Off".


+--------------------------------------------------------------------------------+
; Parameter Settings for User Entity Instance: CPU:CPU|muxGenerico4x1:MUX_DESVIO ;
+----------------+-------+-------------------------------------------------------+
; Parameter Name ; Value ; Type                                                  ;
+----------------+-------+-------------------------------------------------------+
; larguradados   ; 9     ; Signed Integer                                        ;
+----------------+-------+-------------------------------------------------------+
Note: In order to hide this table in the UI and the text report file, please set the "Show Parameter Settings in Synthesis Report" option in "Analysis and Synthesis Settings -> More Settings" to "Off".


+---------------------------------------------------------------------+
; Parameter Settings for User Entity Instance: CPU:CPU|ULASomaSub:ULA ;
+----------------+-------+--------------------------------------------+
; Parameter Name ; Value ; Type                                       ;
+----------------+-------+--------------------------------------------+
; larguradados   ; 8     ; Signed Integer                             ;
+----------------+-------+--------------------------------------------+
Note: In order to hide this table in the UI and the text report file, please set the "Show Parameter Settings in Synthesis Report" option in "Analysis and Synthesis Settings -> More Settings" to "Off".


+-----------------------------------------------------------------------------+
; Parameter Settings for User Entity Instance: registradorGenerico:RegLEDconj ;
+----------------+-------+----------------------------------------------------+
; Parameter Name ; Value ; Type                                               ;
+----------------+-------+----------------------------------------------------+
; larguradados   ; 8     ; Signed Integer                                     ;
+----------------+-------+----------------------------------------------------+
Note: In order to hide this table in the UI and the text report file, please set the "Show Parameter Settings in Synthesis Report" option in "Analysis and Synthesis Settings -> More Settings" to "Off".


+----------------------------------------------------------------------------------------------------+
; Parameter Settings for User Entity Instance: decHex7seg:HEX0_decoder|registradorGenerico:REG_4bits ;
+----------------+-------+---------------------------------------------------------------------------+
; Parameter Name ; Value ; Type                                                                      ;
+----------------+-------+---------------------------------------------------------------------------+
; larguradados   ; 4     ; Signed Integer                                                            ;
+----------------+-------+---------------------------------------------------------------------------+
Note: In order to hide this table in the UI and the text report file, please set the "Show Parameter Settings in Synthesis Report" option in "Analysis and Synthesis Settings -> More Settings" to "Off".


+----------------------------------------------------------------------------------------------------+
; Parameter Settings for User Entity Instance: decHex7seg:HEX1_decoder|registradorGenerico:REG_4bits ;
+----------------+-------+---------------------------------------------------------------------------+
; Parameter Name ; Value ; Type                                                                      ;
+----------------+-------+---------------------------------------------------------------------------+
; larguradados   ; 4     ; Signed Integer                                                            ;
+----------------+-------+---------------------------------------------------------------------------+
Note: In order to hide this table in the UI and the text report file, please set the "Show Parameter Settings in Synthesis Report" option in "Analysis and Synthesis Settings -> More Settings" to "Off".


+----------------------------------------------------------------------------------------------------+
; Parameter Settings for User Entity Instance: decHex7seg:HEX2_decoder|registradorGenerico:REG_4bits ;
+----------------+-------+---------------------------------------------------------------------------+
; Parameter Name ; Value ; Type                                                                      ;
+----------------+-------+---------------------------------------------------------------------------+
; larguradados   ; 4     ; Signed Integer                                                            ;
+----------------+-------+---------------------------------------------------------------------------+
Note: In order to hide this table in the UI and the text report file, please set the "Show Parameter Settings in Synthesis Report" option in "Analysis and Synthesis Settings -> More Settings" to "Off".


+----------------------------------------------------------------------------------------------------+
; Parameter Settings for User Entity Instance: decHex7seg:HEX3_decoder|registradorGenerico:REG_4bits ;
+----------------+-------+---------------------------------------------------------------------------+
; Parameter Name ; Value ; Type                                                                      ;
+----------------+-------+---------------------------------------------------------------------------+
; larguradados   ; 4     ; Signed Integer                                                            ;
+----------------+-------+---------------------------------------------------------------------------+
Note: In order to hide this table in the UI and the text report file, please set the "Show Parameter Settings in Synthesis Report" option in "Analysis and Synthesis Settings -> More Settings" to "Off".


+----------------------------------------------------------------------------------------------------+
; Parameter Settings for User Entity Instance: decHex7seg:HEX4_decoder|registradorGenerico:REG_4bits ;
+----------------+-------+---------------------------------------------------------------------------+
; Parameter Name ; Value ; Type                                                                      ;
+----------------+-------+---------------------------------------------------------------------------+
; larguradados   ; 4     ; Signed Integer                                                            ;
+----------------+-------+---------------------------------------------------------------------------+
Note: In order to hide this table in the UI and the text report file, please set the "Show Parameter Settings in Synthesis Report" option in "Analysis and Synthesis Settings -> More Settings" to "Off".


+----------------------------------------------------------------------------------------------------+
; Parameter Settings for User Entity Instance: decHex7seg:HEX5_decoder|registradorGenerico:REG_4bits ;
+----------------+-------+---------------------------------------------------------------------------+
; Parameter Name ; Value ; Type                                                                      ;
+----------------+-------+---------------------------------------------------------------------------+
; larguradados   ; 4     ; Signed Integer                                                            ;
+----------------+-------+---------------------------------------------------------------------------+
Note: In order to hide this table in the UI and the text report file, please set the "Show Parameter Settings in Synthesis Report" option in "Analysis and Synthesis Settings -> More Settings" to "Off".


+--------------------------------------------------------------------------+
; Parameter Settings for User Entity Instance: buffer_3_state:bufferSWConj ;
+----------------+-------+-------------------------------------------------+
; Parameter Name ; Value ; Type                                            ;
+----------------+-------+-------------------------------------------------+
; datawidth      ; 8     ; Signed Integer                                  ;
+----------------+-------+-------------------------------------------------+
Note: In order to hide this table in the UI and the text report file, please set the "Show Parameter Settings in Synthesis Report" option in "Analysis and Synthesis Settings -> More Settings" to "Off".


+-----------------------------------------------------------------------+
; Parameter Settings for User Entity Instance: buffer_3_state:bufferSW8 ;
+----------------+-------+----------------------------------------------+
; Parameter Name ; Value ; Type                                         ;
+----------------+-------+----------------------------------------------+
; datawidth      ; 1     ; Signed Integer                               ;
+----------------+-------+----------------------------------------------+
Note: In order to hide this table in the UI and the text report file, please set the "Show Parameter Settings in Synthesis Report" option in "Analysis and Synthesis Settings -> More Settings" to "Off".


+-----------------------------------------------------------------------+
; Parameter Settings for User Entity Instance: buffer_3_state:bufferSW9 ;
+----------------+-------+----------------------------------------------+
; Parameter Name ; Value ; Type                                         ;
+----------------+-------+----------------------------------------------+
; datawidth      ; 1     ; Signed Integer                               ;
+----------------+-------+----------------------------------------------+
Note: In order to hide this table in the UI and the text report file, please set the "Show Parameter Settings in Synthesis Report" option in "Analysis and Synthesis Settings -> More Settings" to "Off".


+------------------------------------------------------------------------+
; Parameter Settings for User Entity Instance: buffer_3_state:bufferKEY0 ;
+----------------+-------+-----------------------------------------------+
; Parameter Name ; Value ; Type                                          ;
+----------------+-------+-----------------------------------------------+
; datawidth      ; 1     ; Signed Integer                                ;
+----------------+-------+-----------------------------------------------+
Note: In order to hide this table in the UI and the text report file, please set the "Show Parameter Settings in Synthesis Report" option in "Analysis and Synthesis Settings -> More Settings" to "Off".


+------------------------------------------------------------------------+
; Parameter Settings for User Entity Instance: buffer_3_state:bufferKEY1 ;
+----------------+-------+-----------------------------------------------+
; Parameter Name ; Value ; Type                                          ;
+----------------+-------+-----------------------------------------------+
; datawidth      ; 1     ; Signed Integer                                ;
+----------------+-------+-----------------------------------------------+
Note: In order to hide this table in the UI and the text report file, please set the "Show Parameter Settings in Synthesis Report" option in "Analysis and Synthesis Settings -> More Settings" to "Off".


+------------------------------------------------------------------------+
; Parameter Settings for User Entity Instance: buffer_3_state:bufferKEY2 ;
+----------------+-------+-----------------------------------------------+
; Parameter Name ; Value ; Type                                          ;
+----------------+-------+-----------------------------------------------+
; datawidth      ; 1     ; Signed Integer                                ;
+----------------+-------+-----------------------------------------------+
Note: In order to hide this table in the UI and the text report file, please set the "Show Parameter Settings in Synthesis Report" option in "Analysis and Synthesis Settings -> More Settings" to "Off".


+------------------------------------------------------------------------+
; Parameter Settings for User Entity Instance: buffer_3_state:bufferKEY3 ;
+----------------+-------+-----------------------------------------------+
; Parameter Name ; Value ; Type                                          ;
+----------------+-------+-----------------------------------------------+
; datawidth      ; 1     ; Signed Integer                                ;
+----------------+-------+-----------------------------------------------+
Note: In order to hide this table in the UI and the text report file, please set the "Show Parameter Settings in Synthesis Report" option in "Analysis and Synthesis Settings -> More Settings" to "Off".


+-------------------------------------------------------------------------+
; Parameter Settings for User Entity Instance: buffer_3_state:bufferRESET ;
+----------------+-------+------------------------------------------------+
; Parameter Name ; Value ; Type                                           ;
+----------------+-------+------------------------------------------------+
; datawidth      ; 1     ; Signed Integer                                 ;
+----------------+-------+------------------------------------------------+
Note: In order to hide this table in the UI and the text report file, please set the "Show Parameter Settings in Synthesis Report" option in "Analysis and Synthesis Settings -> More Settings" to "Off".


+------------------------------------------------------------------------------------------------------------------+
; Port Connectivity Checks: "flipFlop:FF_Debouncer"                                                                ;
+--------+--------+----------+-------------------------------------------------------------------------------------+
; Port   ; Type   ; Severity ; Details                                                                             ;
+--------+--------+----------+-------------------------------------------------------------------------------------+
; din    ; Input  ; Info     ; Stuck at VCC                                                                        ;
; dout   ; Output ; Info     ; Connected to dangling logic. Logic that only feeds a dangling port will be removed. ;
; enable ; Input  ; Info     ; Stuck at VCC                                                                        ;
+--------+--------+----------+-------------------------------------------------------------------------------------+


+-----------------------------------------------------------------------------------+
; Port Connectivity Checks: "decHex7seg:HEX0_decoder|conversorHex7Seg:DECODER_7seg" ;
+----------+-------+----------+-----------------------------------------------------+
; Port     ; Type  ; Severity ; Details                                             ;
+----------+-------+----------+-----------------------------------------------------+
; apaga    ; Input ; Info     ; Stuck at GND                                        ;
; negativo ; Input ; Info     ; Stuck at GND                                        ;
; overflow ; Input ; Info     ; Stuck at GND                                        ;
+----------+-------+----------+-----------------------------------------------------+


+-----------------------------------------------------------------------------------+
; Port Connectivity Checks: "decHex7seg:HEX0_decoder|registradorGenerico:REG_4bits" ;
+------+-------+----------+---------------------------------------------------------+
; Port ; Type  ; Severity ; Details                                                 ;
+------+-------+----------+---------------------------------------------------------+
; rst  ; Input ; Info     ; Stuck at GND                                            ;
+------+-------+----------+---------------------------------------------------------+


+-----------------------------------------------------------------------------------------------------------------------+
; Port Connectivity Checks: "decoder3x8:decoderAddr"                                                                    ;
+-------------+--------+----------+-------------------------------------------------------------------------------------+
; Port        ; Type   ; Severity ; Details                                                                             ;
+-------------+--------+----------+-------------------------------------------------------------------------------------+
; saida[7..6] ; Output ; Info     ; Connected to dangling logic. Logic that only feeds a dangling port will be removed. ;
+-------------+--------+----------+-------------------------------------------------------------------------------------+


+-----------------------------------------------------------------------------------------------------------------------+
; Port Connectivity Checks: "decoder3x8:decoderBlock"                                                                   ;
+-------------+--------+----------+-------------------------------------------------------------------------------------+
; Port        ; Type   ; Severity ; Details                                                                             ;
+-------------+--------+----------+-------------------------------------------------------------------------------------+
; saida[7..6] ; Output ; Info     ; Connected to dangling logic. Logic that only feeds a dangling port will be removed. ;
; saida[3..1] ; Output ; Info     ; Connected to dangling logic. Logic that only feeds a dangling port will be removed. ;
+-------------+--------+----------+-------------------------------------------------------------------------------------+


+------------------------------------------------------------+
; Port Connectivity Checks: "registradorGenerico:RegLEDconj" ;
+------+-------+----------+----------------------------------+
; Port ; Type  ; Severity ; Details                          ;
+------+-------+----------+----------------------------------+
; rst  ; Input ; Info     ; Stuck at GND                     ;
+------+-------+----------+----------------------------------+


+---------------------------------------------+
; Port Connectivity Checks: "flipFlop:FFLED9" ;
+------+-------+----------+-------------------+
; Port ; Type  ; Severity ; Details           ;
+------+-------+----------+-------------------+
; rst  ; Input ; Info     ; Stuck at GND      ;
+------+-------+----------+-------------------+


+---------------------------------------------+
; Port Connectivity Checks: "flipFlop:FFLED8" ;
+------+-------+----------+-------------------+
; Port ; Type  ; Severity ; Details           ;
+------+-------+----------+-------------------+
; rst  ; Input ; Info     ; Stuck at GND      ;
+------+-------+----------+-------------------+


+---------------------------------------------------+
; Port Connectivity Checks: "CPU:CPU|flipFlop:FLAG" ;
+------+-------+----------+-------------------------+
; Port ; Type  ; Severity ; Details                 ;
+------+-------+----------+-------------------------+
; rst  ; Input ; Info     ; Stuck at GND            ;
+------+-------+----------+-------------------------+


+---------------------------------------------------------------+
; Port Connectivity Checks: "CPU:CPU|muxGenerico4x1:MUX_DESVIO" ;
+--------------+-------+----------+-----------------------------+
; Port         ; Type  ; Severity ; Details                     ;
+--------------+-------+----------+-----------------------------+
; entradad_mux ; Input ; Info     ; Stuck at GND                ;
+--------------+-------+----------+-----------------------------+


+---------------------------------------------------------------------+
; Port Connectivity Checks: "CPU:CPU|registradorGenerico:END_RETORNO" ;
+------+-------+----------+-------------------------------------------+
; Port ; Type  ; Severity ; Details                                   ;
+------+-------+----------+-------------------------------------------+
; rst  ; Input ; Info     ; Stuck at GND                              ;
+------+-------+----------+-------------------------------------------+


+------------------------------------------------------------+
; Port Connectivity Checks: "CPU:CPU|registradorGenerico:PC" ;
+--------+-------+----------+--------------------------------+
; Port   ; Type  ; Severity ; Details                        ;
+--------+-------+----------+--------------------------------+
; enable ; Input ; Info     ; Stuck at VCC                   ;
; rst    ; Input ; Info     ; Stuck at GND                   ;
+--------+-------+----------+--------------------------------+


+---------------------------------------------------------------+
; Port Connectivity Checks: "CPU:CPU|registradorGenerico:REG_A" ;
+------+-------+----------+-------------------------------------+
; Port ; Type  ; Severity ; Details                             ;
+------+-------+----------+-------------------------------------+
; rst  ; Input ; Info     ; Stuck at GND                        ;
+------+-------+----------+-------------------------------------+


+-------------------------------------------------------------------------------------------------------------------------+
; Port Connectivity Checks: "CPU:CPU"                                                                                     ;
+---------------+--------+----------+-------------------------------------------------------------------------------------+
; Port          ; Type   ; Severity ; Details                                                                             ;
+---------------+--------+----------+-------------------------------------------------------------------------------------+
; control[3..2] ; Output ; Info     ; Connected to dangling logic. Logic that only feeds a dangling port will be removed. ;
+---------------+--------+----------+-------------------------------------------------------------------------------------+


+-----------------------------------------------------+
; Post-Synthesis Netlist Statistics for Top Partition ;
+-----------------------+-----------------------------+
; Type                  ; Count                       ;
+-----------------------+-----------------------------+
; arriav_ff             ; 573                         ;
;     ENA               ; 553                         ;
;     ENA SLD           ; 8                           ;
;     plain             ; 12                          ;
; arriav_io_obuf        ; 8                           ;
; arriav_lcell_comb     ; 490                         ;
;     arith             ; 18                          ;
;         1 data inputs ; 10                          ;
;         5 data inputs ; 8                           ;
;     normal            ; 472                         ;
;         2 data inputs ; 67                          ;
;         3 data inputs ; 12                          ;
;         4 data inputs ; 73                          ;
;         5 data inputs ; 27                          ;
;         6 data inputs ; 293                         ;
; boundary_port         ; 101                         ;
;                       ;                             ;
; Max LUT depth         ; 10.20                       ;
; Average LUT depth     ; 6.61                        ;
+-----------------------+-----------------------------+


+-------------------------------+
; Elapsed Time Per Partition    ;
+----------------+--------------+
; Partition Name ; Elapsed Time ;
+----------------+--------------+
; Top            ; 00:00:01     ;
+----------------+--------------+


+-------------------------------+
; Analysis & Synthesis Messages ;
+-------------------------------+
Info: *******************************************************************
Info: Running Quartus Prime Analysis & Synthesis
    Info: Version 20.1.0 Build 711 06/05/2020 SJ Lite Edition
    Info: Processing started: Sun May 01 16:17:12 2022
Info: Command: quartus_map --read_settings_files=on --write_settings_files=off aula8 -c aula8
Info (20030): Parallel compilation is enabled and will use 2 of the 2 processors detected
Info (12021): Found 2 design units, including 1 entities, in source file buffer_3_state.vhd
    Info (12022): Found design unit 1: buffer_3_state-comportamento File: C:/Users/Bea/descomp/meu_careca_preferido/atividades/atividade_8/buffer_3_state.vhd Line: 14
    Info (12023): Found entity 1: buffer_3_state File: C:/Users/Bea/descomp/meu_careca_preferido/atividades/atividade_8/buffer_3_state.vhd Line: 4
Info (12021): Found 2 design units, including 1 entities, in source file ulasomasub.vhd
    Info (12022): Found design unit 1: ULASomaSub-comportamento File: C:/Users/Bea/descomp/meu_careca_preferido/atividades/atividade_8/ULASomaSub.vhd Line: 15
    Info (12023): Found entity 1: ULASomaSub File: C:/Users/Bea/descomp/meu_careca_preferido/atividades/atividade_8/ULASomaSub.vhd Line: 5
Info (12021): Found 2 design units, including 1 entities, in source file somaum.vhd
    Info (12022): Found design unit 1: somaUm-comportamento File: C:/Users/Bea/descomp/meu_careca_preferido/atividades/atividade_8/somaUm.vhd Line: 19
    Info (12023): Found entity 1: somaUm File: C:/Users/Bea/descomp/meu_careca_preferido/atividades/atividade_8/somaUm.vhd Line: 6
Info (12021): Found 2 design units, including 1 entities, in source file registradorgenerico.vhd
    Info (12022): Found design unit 1: registradorGenerico-comportamento File: C:/Users/Bea/descomp/meu_careca_preferido/atividades/atividade_8/registradorGenerico.vhd Line: 16
    Info (12023): Found entity 1: registradorGenerico File: C:/Users/Bea/descomp/meu_careca_preferido/atividades/atividade_8/registradorGenerico.vhd Line: 5
Info (12021): Found 2 design units, including 1 entities, in source file muxgenerico4x1.vhd
    Info (12022): Found design unit 1: muxGenerico4x1-comportamento File: C:/Users/Bea/descomp/meu_careca_preferido/atividades/atividade_8/muxGenerico4x1.vhd Line: 15
    Info (12023): Found entity 1: muxGenerico4x1 File: C:/Users/Bea/descomp/meu_careca_preferido/atividades/atividade_8/muxGenerico4x1.vhd Line: 5
Info (12021): Found 2 design units, including 1 entities, in source file muxgenerico2x1.vhd
    Info (12022): Found design unit 1: muxGenerico2x1-comportamento File: C:/Users/Bea/descomp/meu_careca_preferido/atividades/atividade_8/muxGenerico2x1.vhd Line: 15
    Info (12023): Found entity 1: muxGenerico2x1 File: C:/Users/Bea/descomp/meu_careca_preferido/atividades/atividade_8/muxGenerico2x1.vhd Line: 5
Info (12021): Found 2 design units, including 1 entities, in source file memoriaram.vhd
    Info (12022): Found design unit 1: memoriaRAM-rtl File: C:/Users/Bea/descomp/meu_careca_preferido/atividades/atividade_8/memoriaRAM.vhd Line: 22
    Info (12023): Found entity 1: memoriaRAM File: C:/Users/Bea/descomp/meu_careca_preferido/atividades/atividade_8/memoriaRAM.vhd Line: 6
Info (12021): Found 2 design units, including 1 entities, in source file memoria.vhd
    Info (12022): Found design unit 1: memoriaROM-assincrona File: C:/Users/Bea/descomp/meu_careca_preferido/atividades/atividade_8/memoria.vhd Line: 17
    Info (12023): Found entity 1: memoriaROM File: C:/Users/Bea/descomp/meu_careca_preferido/atividades/atividade_8/memoria.vhd Line: 5
Info (12021): Found 2 design units, including 1 entities, in source file flipflop.vhd
    Info (12022): Found design unit 1: flipFlop-comportamento File: C:/Users/Bea/descomp/meu_careca_preferido/atividades/atividade_8/flipFlop.vhd Line: 14
    Info (12023): Found entity 1: flipFlop File: C:/Users/Bea/descomp/meu_careca_preferido/atividades/atividade_8/flipFlop.vhd Line: 5
Info (12021): Found 3 design units, including 1 entities, in source file edgedetector.vhd
    Info (12022): Found design unit 1: edgeDetector-bordaSubida File: C:/Users/Bea/descomp/meu_careca_preferido/atividades/atividade_8/edgeDetector.vhd Line: 10
    Info (12022): Found design unit 2: edgeDetector-bordaDescida File: C:/Users/Bea/descomp/meu_careca_preferido/atividades/atividade_8/edgeDetector.vhd Line: 23
    Info (12023): Found entity 1: edgeDetector File: C:/Users/Bea/descomp/meu_careca_preferido/atividades/atividade_8/edgeDetector.vhd Line: 4
Info (12021): Found 2 design units, including 1 entities, in source file desvio.vhd
    Info (12022): Found design unit 1: desvio-comportamento File: C:/Users/Bea/descomp/meu_careca_preferido/atividades/atividade_8/desvio.vhd Line: 13
    Info (12023): Found entity 1: desvio File: C:/Users/Bea/descomp/meu_careca_preferido/atividades/atividade_8/desvio.vhd Line: 7
Info (12021): Found 2 design units, including 1 entities, in source file decoder3x8.vhd
    Info (12022): Found design unit 1: decoder3x8-comportamento File: C:/Users/Bea/descomp/meu_careca_preferido/atividades/atividade_8/decoder3x8.vhd Line: 10
    Info (12023): Found entity 1: decoder3x8 File: C:/Users/Bea/descomp/meu_careca_preferido/atividades/atividade_8/decoder3x8.vhd Line: 4
Info (12021): Found 2 design units, including 1 entities, in source file decoder.vhd
    Info (12022): Found design unit 1: decoder-comportamento File: C:/Users/Bea/descomp/meu_careca_preferido/atividades/atividade_8/decoder.vhd Line: 11
    Info (12023): Found entity 1: decoder File: C:/Users/Bea/descomp/meu_careca_preferido/atividades/atividade_8/decoder.vhd Line: 5
Info (12021): Found 2 design units, including 1 entities, in source file cpu.vhd
    Info (12022): Found design unit 1: CPU-arquitetura File: C:/Users/Bea/descomp/meu_careca_preferido/atividades/atividade_8/CPU.vhd Line: 28
    Info (12023): Found entity 1: CPU File: C:/Users/Bea/descomp/meu_careca_preferido/atividades/atividade_8/CPU.vhd Line: 4
Info (12021): Found 2 design units, including 1 entities, in source file contador.vhd
    Info (12022): Found design unit 1: contador-arquitetura File: C:/Users/Bea/descomp/meu_careca_preferido/atividades/atividade_8/contador.vhd Line: 33
    Info (12023): Found entity 1: contador File: C:/Users/Bea/descomp/meu_careca_preferido/atividades/atividade_8/contador.vhd Line: 4
Info (12021): Found 2 design units, including 1 entities, in source file decodergeneric.vhd
    Info (12022): Found design unit 1: decoderGeneric-comportamento File: C:/Users/Bea/descomp/meu_careca_preferido/atividades/atividade_8/decoderGeneric.vhd Line: 10
    Info (12023): Found entity 1: decoderGeneric File: C:/Users/Bea/descomp/meu_careca_preferido/atividades/atividade_8/decoderGeneric.vhd Line: 4
Info (12021): Found 2 design units, including 1 entities, in source file conversorhex7seg.vhd
    Info (12022): Found design unit 1: conversorHex7Seg-comportamento File: C:/Users/Bea/descomp/meu_careca_preferido/atividades/atividade_8/conversorHex7Seg.vhd Line: 17
    Info (12023): Found entity 1: conversorHex7Seg File: C:/Users/Bea/descomp/meu_careca_preferido/atividades/atividade_8/conversorHex7Seg.vhd Line: 4
Info (12021): Found 2 design units, including 1 entities, in source file dechex7seg.vhd
    Info (12022): Found design unit 1: decHex7Seg-arch_name File: C:/Users/Bea/descomp/meu_careca_preferido/atividades/atividade_8/decHex7Seg.vhd Line: 26
    Info (12023): Found entity 1: decHex7seg File: C:/Users/Bea/descomp/meu_careca_preferido/atividades/atividade_8/decHex7Seg.vhd Line: 14
Info (12127): Elaborating entity "contador" for the top level hierarchy
Warning (10036): Verilog HDL or VHDL warning at contador.vhd(110): object "saidaDebouncer" assigned a value but never read File: C:/Users/Bea/descomp/meu_careca_preferido/atividades/atividade_8/contador.vhd Line: 110
Info (12128): Elaborating entity "memoriaROM" for hierarchy "memoriaROM:ROM" File: C:/Users/Bea/descomp/meu_careca_preferido/atividades/atividade_8/contador.vhd Line: 131
Info (12128): Elaborating entity "memoriaRAM" for hierarchy "memoriaRAM:RAM" File: C:/Users/Bea/descomp/meu_careca_preferido/atividades/atividade_8/contador.vhd Line: 135
Info (12128): Elaborating entity "CPU" for hierarchy "CPU:CPU" File: C:/Users/Bea/descomp/meu_careca_preferido/atividades/atividade_8/contador.vhd Line: 144
Warning (10873): Using initial value X (don't care) for net "control[3..2]" at CPU.vhd(16) File: C:/Users/Bea/descomp/meu_careca_preferido/atividades/atividade_8/CPU.vhd Line: 16
Info (12128): Elaborating entity "muxGenerico2x1" for hierarchy "CPU:CPU|muxGenerico2x1:MUX_ULA" File: C:/Users/Bea/descomp/meu_careca_preferido/atividades/atividade_8/CPU.vhd Line: 91
Info (12128): Elaborating entity "registradorGenerico" for hierarchy "CPU:CPU|registradorGenerico:REG_A" File: C:/Users/Bea/descomp/meu_careca_preferido/atividades/atividade_8/CPU.vhd Line: 98
Info (12128): Elaborating entity "registradorGenerico" for hierarchy "CPU:CPU|registradorGenerico:PC" File: C:/Users/Bea/descomp/meu_careca_preferido/atividades/atividade_8/CPU.vhd Line: 106
Info (12128): Elaborating entity "somaUm" for hierarchy "CPU:CPU|somaUm:PC_INC" File: C:/Users/Bea/descomp/meu_careca_preferido/atividades/atividade_8/CPU.vhd Line: 113
Info (12128): Elaborating entity "muxGenerico4x1" for hierarchy "CPU:CPU|muxGenerico4x1:MUX_DESVIO" File: C:/Users/Bea/descomp/meu_careca_preferido/atividades/atividade_8/CPU.vhd Line: 124
Info (12128): Elaborating entity "ULASomaSub" for hierarchy "CPU:CPU|ULASomaSub:ULA" File: C:/Users/Bea/descomp/meu_careca_preferido/atividades/atividade_8/CPU.vhd Line: 133
Info (12128): Elaborating entity "decoder" for hierarchy "CPU:CPU|decoder:DECODER" File: C:/Users/Bea/descomp/meu_careca_preferido/atividades/atividade_8/CPU.vhd Line: 141
Info (12128): Elaborating entity "desvio" for hierarchy "CPU:CPU|desvio:DESVIO" File: C:/Users/Bea/descomp/meu_careca_preferido/atividades/atividade_8/CPU.vhd Line: 145
Info (12128): Elaborating entity "flipFlop" for hierarchy "CPU:CPU|flipFlop:FLAG" File: C:/Users/Bea/descomp/meu_careca_preferido/atividades/atividade_8/CPU.vhd Line: 154
Info (12128): Elaborating entity "decoder3x8" for hierarchy "decoder3x8:decoderBlock" File: C:/Users/Bea/descomp/meu_careca_preferido/atividades/atividade_8/contador.vhd Line: 175
Info (12128): Elaborating entity "decHex7seg" for hierarchy "decHex7seg:HEX0_decoder" File: C:/Users/Bea/descomp/meu_careca_preferido/atividades/atividade_8/contador.vhd Line: 185
Info (12128): Elaborating entity "registradorGenerico" for hierarchy "decHex7seg:HEX0_decoder|registradorGenerico:REG_4bits" File: C:/Users/Bea/descomp/meu_careca_preferido/atividades/atividade_8/decHex7Seg.vhd Line: 33
Info (12128): Elaborating entity "conversorHex7Seg" for hierarchy "decHex7seg:HEX0_decoder|conversorHex7Seg:DECODER_7seg" File: C:/Users/Bea/descomp/meu_careca_preferido/atividades/atividade_8/decHex7Seg.vhd Line: 44
Info (12128): Elaborating entity "buffer_3_state" for hierarchy "buffer_3_state:bufferSWConj" File: C:/Users/Bea/descomp/meu_careca_preferido/atividades/atividade_8/contador.vhd Line: 233
Info (12128): Elaborating entity "buffer_3_state" for hierarchy "buffer_3_state:bufferSW8" File: C:/Users/Bea/descomp/meu_careca_preferido/atividades/atividade_8/contador.vhd Line: 238
Info (276014): Found 1 instances of uninferred RAM logic
    Info (276007): RAM logic "memoriaRAM:RAM|ram" is uninferred due to asynchronous read logic File: C:/Users/Bea/descomp/meu_careca_preferido/atividades/atividade_8/memoriaRAM.vhd Line: 28
Warning (13046): Tri-state node(s) do not directly drive top-level pin(s)
    Warning (13047): Converted the fan-out from the tri-state buffer "memoriaRAM:RAM|dado_out[0]" to the node "CPU:CPU|muxGenerico2x1:MUX_ULA|saida_MUX[0]" into an OR gate File: C:/Users/Bea/descomp/meu_careca_preferido/atividades/atividade_8/memoriaRAM.vhd Line: 18
    Warning (13047): Converted the fan-out from the tri-state buffer "memoriaRAM:RAM|dado_out[1]" to the node "CPU:CPU|muxGenerico2x1:MUX_ULA|saida_MUX[1]" into an OR gate File: C:/Users/Bea/descomp/meu_careca_preferido/atividades/atividade_8/memoriaRAM.vhd Line: 18
    Warning (13047): Converted the fan-out from the tri-state buffer "memoriaRAM:RAM|dado_out[2]" to the node "CPU:CPU|muxGenerico2x1:MUX_ULA|saida_MUX[2]" into an OR gate File: C:/Users/Bea/descomp/meu_careca_preferido/atividades/atividade_8/memoriaRAM.vhd Line: 18
    Warning (13047): Converted the fan-out from the tri-state buffer "memoriaRAM:RAM|dado_out[3]" to the node "CPU:CPU|muxGenerico2x1:MUX_ULA|saida_MUX[3]" into an OR gate File: C:/Users/Bea/descomp/meu_careca_preferido/atividades/atividade_8/memoriaRAM.vhd Line: 18
    Warning (13047): Converted the fan-out from the tri-state buffer "memoriaRAM:RAM|dado_out[4]" to the node "CPU:CPU|muxGenerico2x1:MUX_ULA|saida_MUX[4]" into an OR gate File: C:/Users/Bea/descomp/meu_careca_preferido/atividades/atividade_8/memoriaRAM.vhd Line: 18
    Warning (13047): Converted the fan-out from the tri-state buffer "memoriaRAM:RAM|dado_out[5]" to the node "CPU:CPU|muxGenerico2x1:MUX_ULA|saida_MUX[5]" into an OR gate File: C:/Users/Bea/descomp/meu_careca_preferido/atividades/atividade_8/memoriaRAM.vhd Line: 18
    Warning (13047): Converted the fan-out from the tri-state buffer "memoriaRAM:RAM|dado_out[6]" to the node "CPU:CPU|muxGenerico2x1:MUX_ULA|saida_MUX[6]" into an OR gate File: C:/Users/Bea/descomp/meu_careca_preferido/atividades/atividade_8/memoriaRAM.vhd Line: 18
    Warning (13047): Converted the fan-out from the tri-state buffer "memoriaRAM:RAM|dado_out[7]" to the node "CPU:CPU|muxGenerico2x1:MUX_ULA|saida_MUX[7]" into an OR gate File: C:/Users/Bea/descomp/meu_careca_preferido/atividades/atividade_8/memoriaRAM.vhd Line: 18
Info (286030): Timing-Driven Synthesis is running
Info (16010): Generating hard_block partition "hard_block:auto_generated_inst"
    Info (16011): Adding 0 node(s), including 0 DDIO, 0 PLL, 0 transceiver and 0 LCELL
Warning (21074): Design contains 1 input pin(s) that do not drive logic
    Warning (15610): No output dependent on input pin "clovis" File: C:/Users/Bea/descomp/meu_careca_preferido/atividades/atividade_8/contador.vhd Line: 27
Info (21057): Implemented 1152 device resources after synthesis - the final resource count might be different
    Info (21058): Implemented 17 input pins
    Info (21059): Implemented 84 output pins
    Info (21061): Implemented 1051 logic cells
Info: Quartus Prime Analysis & Synthesis was successful. 0 errors, 13 warnings
    Info: Peak virtual memory: 4850 megabytes
    Info: Processing ended: Sun May 01 16:17:25 2022
    Info: Elapsed time: 00:00:13
    Info: Total CPU time (on all processors): 00:00:26


