Analysis & Synthesis report for exercicio2
Wed Mar 30 18:41:04 2022
Quartus Prime Version 20.1.0 Build 711 06/05/2020 SJ Lite Edition


---------------------
; Table of Contents ;
---------------------
  1. Legal Notice
  2. Analysis & Synthesis Summary
  3. Analysis & Synthesis Settings
  4. Parallel Compilation
  5. Analysis & Synthesis Source Files Read
  6. Analysis & Synthesis Resource Usage Summary
  7. Analysis & Synthesis Resource Utilization by Entity
  8. Registers Removed During Synthesis
  9. General Register Statistics
 10. Parameter Settings for User Entity Instance: Top-level Entity: |exercicio2
 11. Parameter Settings for User Entity Instance: registradorGenerico:REG1
 12. Parameter Settings for User Entity Instance: registradorGenerico:REG2
 13. Parameter Settings for User Entity Instance: ULASomaSub:ULA
 14. Port Connectivity Checks: "registradorGenerico:REG2"
 15. Port Connectivity Checks: "registradorGenerico:REG1"
 16. Post-Synthesis Netlist Statistics for Top Partition
 17. Elapsed Time Per Partition
 18. Analysis & Synthesis Messages



----------------
; Legal Notice ;
----------------
Copyright (C) 2020  Intel Corporation. All rights reserved.
Your use of Intel Corporation's design tools, logic functions 
and other software and tools, and any partner logic 
functions, and any output files from any of the foregoing 
(including device programming or simulation files), and any 
associated documentation or information are expressly subject 
to the terms and conditions of the Intel Program License 
Subscription Agreement, the Intel Quartus Prime License Agreement,
the Intel FPGA IP License Agreement, or other applicable license
agreement, including, without limitation, that your use is for
the sole purpose of programming logic devices manufactured by
Intel and sold by Intel or its authorized distributors.  Please
refer to the applicable agreement for further details, at
https://fpgasoftware.intel.com/eula.



+-------------------------------------------------------------------------------+
; Analysis & Synthesis Summary                                                  ;
+---------------------------------+---------------------------------------------+
; Analysis & Synthesis Status     ; Successful - Wed Mar 30 18:41:04 2022       ;
; Quartus Prime Version           ; 20.1.0 Build 711 06/05/2020 SJ Lite Edition ;
; Revision Name                   ; exercicio2                                  ;
; Top-level Entity Name           ; exercicio2                                  ;
; Family                          ; Cyclone V                                   ;
; Logic utilization (in ALMs)     ; N/A                                         ;
; Total registers                 ; 0                                           ;
; Total pins                      ; 67                                          ;
; Total virtual pins              ; 0                                           ;
; Total block memory bits         ; 0                                           ;
; Total DSP Blocks                ; 0                                           ;
; Total HSSI RX PCSs              ; 0                                           ;
; Total HSSI PMA RX Deserializers ; 0                                           ;
; Total HSSI TX PCSs              ; 0                                           ;
; Total HSSI PMA TX Serializers   ; 0                                           ;
; Total PLLs                      ; 0                                           ;
; Total DLLs                      ; 0                                           ;
+---------------------------------+---------------------------------------------+


+---------------------------------------------------------------------------------------------------------------------------+
; Analysis & Synthesis Settings                                                                                             ;
+---------------------------------------------------------------------------------+--------------------+--------------------+
; Option                                                                          ; Setting            ; Default Value      ;
+---------------------------------------------------------------------------------+--------------------+--------------------+
; Device                                                                          ; 5CEBA4F23C7        ;                    ;
; Top-level entity name                                                           ; exercicio2         ; exercicio2         ;
; Family name                                                                     ; Cyclone V          ; Cyclone V          ;
; Use smart compilation                                                           ; Off                ; Off                ;
; Enable parallel Assembler and Timing Analyzer during compilation                ; On                 ; On                 ;
; Enable compact report table                                                     ; Off                ; Off                ;
; Restructure Multiplexers                                                        ; Auto               ; Auto               ;
; MLAB Add Timing Constraints For Mixed-Port Feed-Through Mode Setting Don't Care ; Off                ; Off                ;
; Create Debugging Nodes for IP Cores                                             ; Off                ; Off                ;
; Preserve fewer node names                                                       ; On                 ; On                 ;
; Intel FPGA IP Evaluation Mode                                                   ; Enable             ; Enable             ;
; Verilog Version                                                                 ; Verilog_2001       ; Verilog_2001       ;
; VHDL Version                                                                    ; VHDL_1993          ; VHDL_1993          ;
; State Machine Processing                                                        ; Auto               ; Auto               ;
; Safe State Machine                                                              ; Off                ; Off                ;
; Extract Verilog State Machines                                                  ; On                 ; On                 ;
; Extract VHDL State Machines                                                     ; On                 ; On                 ;
; Ignore Verilog initial constructs                                               ; Off                ; Off                ;
; Iteration limit for constant Verilog loops                                      ; 5000               ; 5000               ;
; Iteration limit for non-constant Verilog loops                                  ; 250                ; 250                ;
; Add Pass-Through Logic to Inferred RAMs                                         ; On                 ; On                 ;
; Infer RAMs from Raw Logic                                                       ; On                 ; On                 ;
; Parallel Synthesis                                                              ; On                 ; On                 ;
; DSP Block Balancing                                                             ; Auto               ; Auto               ;
; NOT Gate Push-Back                                                              ; On                 ; On                 ;
; Power-Up Don't Care                                                             ; On                 ; On                 ;
; Remove Redundant Logic Cells                                                    ; Off                ; Off                ;
; Remove Duplicate Registers                                                      ; On                 ; On                 ;
; Ignore CARRY Buffers                                                            ; Off                ; Off                ;
; Ignore CASCADE Buffers                                                          ; Off                ; Off                ;
; Ignore GLOBAL Buffers                                                           ; Off                ; Off                ;
; Ignore ROW GLOBAL Buffers                                                       ; Off                ; Off                ;
; Ignore LCELL Buffers                                                            ; Off                ; Off                ;
; Ignore SOFT Buffers                                                             ; On                 ; On                 ;
; Limit AHDL Integers to 32 Bits                                                  ; Off                ; Off                ;
; Optimization Technique                                                          ; Balanced           ; Balanced           ;
; Carry Chain Length                                                              ; 70                 ; 70                 ;
; Auto Carry Chains                                                               ; On                 ; On                 ;
; Auto Open-Drain Pins                                                            ; On                 ; On                 ;
; Perform WYSIWYG Primitive Resynthesis                                           ; Off                ; Off                ;
; Auto ROM Replacement                                                            ; On                 ; On                 ;
; Auto RAM Replacement                                                            ; On                 ; On                 ;
; Auto DSP Block Replacement                                                      ; On                 ; On                 ;
; Auto Shift Register Replacement                                                 ; Auto               ; Auto               ;
; Allow Shift Register Merging across Hierarchies                                 ; Auto               ; Auto               ;
; Auto Clock Enable Replacement                                                   ; On                 ; On                 ;
; Strict RAM Replacement                                                          ; Off                ; Off                ;
; Allow Synchronous Control Signals                                               ; On                 ; On                 ;
; Force Use of Synchronous Clear Signals                                          ; Off                ; Off                ;
; Auto Resource Sharing                                                           ; Off                ; Off                ;
; Allow Any RAM Size For Recognition                                              ; Off                ; Off                ;
; Allow Any ROM Size For Recognition                                              ; Off                ; Off                ;
; Allow Any Shift Register Size For Recognition                                   ; Off                ; Off                ;
; Use LogicLock Constraints during Resource Balancing                             ; On                 ; On                 ;
; Ignore translate_off and synthesis_off directives                               ; Off                ; Off                ;
; Timing-Driven Synthesis                                                         ; On                 ; On                 ;
; Report Parameter Settings                                                       ; On                 ; On                 ;
; Report Source Assignments                                                       ; On                 ; On                 ;
; Report Connectivity Checks                                                      ; On                 ; On                 ;
; Ignore Maximum Fan-Out Assignments                                              ; Off                ; Off                ;
; Synchronization Register Chain Length                                           ; 3                  ; 3                  ;
; Power Optimization During Synthesis                                             ; Normal compilation ; Normal compilation ;
; HDL message level                                                               ; Level2             ; Level2             ;
; Suppress Register Optimization Related Messages                                 ; Off                ; Off                ;
; Number of Removed Registers Reported in Synthesis Report                        ; 5000               ; 5000               ;
; Number of Swept Nodes Reported in Synthesis Report                              ; 5000               ; 5000               ;
; Number of Inverted Registers Reported in Synthesis Report                       ; 100                ; 100                ;
; Clock MUX Protection                                                            ; On                 ; On                 ;
; Auto Gated Clock Conversion                                                     ; Off                ; Off                ;
; Block Design Naming                                                             ; Auto               ; Auto               ;
; SDC constraint protection                                                       ; Off                ; Off                ;
; Synthesis Effort                                                                ; Auto               ; Auto               ;
; Shift Register Replacement - Allow Asynchronous Clear Signal                    ; On                 ; On                 ;
; Pre-Mapping Resynthesis Optimization                                            ; Off                ; Off                ;
; Analysis & Synthesis Message Level                                              ; Medium             ; Medium             ;
; Disable Register Merging Across Hierarchies                                     ; Auto               ; Auto               ;
; Resource Aware Inference For Block RAM                                          ; On                 ; On                 ;
; Automatic Parallel Synthesis                                                    ; On                 ; On                 ;
; Partial Reconfiguration Bitstream ID                                            ; Off                ; Off                ;
+---------------------------------------------------------------------------------+--------------------+--------------------+


+------------------------------------------+
; Parallel Compilation                     ;
+----------------------------+-------------+
; Processors                 ; Number      ;
+----------------------------+-------------+
; Number detected on machine ; 4           ;
; Maximum allowed            ; 2           ;
;                            ;             ;
; Average used               ; 1.00        ;
; Maximum used               ; 1           ;
;                            ;             ;
; Usage by Processor         ; % Time Used ;
;     Processor 1            ; 100.0%      ;
+----------------------------+-------------+


+-------------------------------------------------------------------------------------------------------------------------------------------------------------------------------------------------------+
; Analysis & Synthesis Source Files Read                                                                                                                                                                ;
+----------------------------------------------------------+-----------------+-----------------+----------------------------------------------------------------------------------------------+---------+
; File Name with User-Entered Path                         ; Used in Netlist ; File Type       ; File Name with Absolute Path                                                                 ; Library ;
+----------------------------------------------------------+-----------------+-----------------+----------------------------------------------------------------------------------------------+---------+
; ../../modelosVHDL/combinacionais/registradorGenerico.vhd ; yes             ; User VHDL File  ; C:/Users/Bea/descomp/meu_careca_preferido/modelosVHDL/combinacionais/registradorGenerico.vhd ;         ;
; ../../modelosVHDL/circuitos_sequenciais/ULASomaSub.vhd   ; yes             ; User VHDL File  ; C:/Users/Bea/descomp/meu_careca_preferido/modelosVHDL/circuitos_sequenciais/ULASomaSub.vhd   ;         ;
; exercicio2.vhd                                           ; yes             ; User VHDL File  ; C:/Users/Bea/descomp/meu_careca_preferido/exerciciosVHDL/exercicio2/exercicio2.vhd           ;         ;
+----------------------------------------------------------+-----------------+-----------------+----------------------------------------------------------------------------------------------+---------+


+---------------------------------------------------------------+
; Analysis & Synthesis Resource Usage Summary                   ;
+---------------------------------------------+-----------------+
; Resource                                    ; Usage           ;
+---------------------------------------------+-----------------+
; Estimate of Logic utilization (ALMs needed) ; 0               ;
;                                             ;                 ;
; Combinational ALUT usage for logic          ; 0               ;
;     -- 7 input functions                    ; 0               ;
;     -- 6 input functions                    ; 0               ;
;     -- 5 input functions                    ; 0               ;
;     -- 4 input functions                    ; 0               ;
;     -- <=3 input functions                  ; 0               ;
;                                             ;                 ;
; Dedicated logic registers                   ; 0               ;
;                                             ;                 ;
; I/O pins                                    ; 67              ;
;                                             ;                 ;
; Total DSP Blocks                            ; 0               ;
;                                             ;                 ;
; Maximum fan-out node                        ; saida[0]~output ;
; Maximum fan-out                             ; 1               ;
; Total fan-out                               ; 67              ;
; Average fan-out                             ; 0.50            ;
+---------------------------------------------+-----------------+


+----------------------------------------------------------------------------------------------------------------------------------------------------------------------------------------+
; Analysis & Synthesis Resource Utilization by Entity                                                                                                                                    ;
+----------------------------+---------------------+---------------------------+-------------------+------------+------+--------------+---------------------+-------------+--------------+
; Compilation Hierarchy Node ; Combinational ALUTs ; Dedicated Logic Registers ; Block Memory Bits ; DSP Blocks ; Pins ; Virtual Pins ; Full Hierarchy Name ; Entity Name ; Library Name ;
+----------------------------+---------------------+---------------------------+-------------------+------------+------+--------------+---------------------+-------------+--------------+
; |exercicio2                ; 0 (0)               ; 0 (0)                     ; 0                 ; 0          ; 67   ; 0            ; |exercicio2         ; exercicio2  ; work         ;
+----------------------------+---------------------+---------------------------+-------------------+------------+------+--------------+---------------------+-------------+--------------+
Note: For table entries with two numbers listed, the numbers in parentheses indicate the number of resources of the given type used by the specific entity alone. The numbers listed outside of parentheses indicate the total resources of the given type used by the specific entity and all of its sub-entities in the hierarchy.


+-------------------------------------------------------------------------------+
; Registers Removed During Synthesis                                            ;
+----------------------------------------+--------------------------------------+
; Register name                          ; Reason for Removal                   ;
+----------------------------------------+--------------------------------------+
; registradorGenerico:REG2|DOUT[0..31]   ; Stuck at GND due to stuck port clock ;
; registradorGenerico:REG1|DOUT[0..31]   ; Lost fanout                          ;
; Total Number of Removed Registers = 64 ;                                      ;
+----------------------------------------+--------------------------------------+


+------------------------------------------------------+
; General Register Statistics                          ;
+----------------------------------------------+-------+
; Statistic                                    ; Value ;
+----------------------------------------------+-------+
; Total registers                              ; 0     ;
; Number of registers using Synchronous Clear  ; 0     ;
; Number of registers using Synchronous Load   ; 0     ;
; Number of registers using Asynchronous Clear ; 0     ;
; Number of registers using Asynchronous Load  ; 0     ;
; Number of registers using Clock Enable       ; 0     ;
; Number of registers using Preset             ; 0     ;
+----------------------------------------------+-------+


+----------------------------------------------------------------------------+
; Parameter Settings for User Entity Instance: Top-level Entity: |exercicio2 ;
+-----------------+-------+--------------------------------------------------+
; Parameter Name  ; Value ; Type                                             ;
+-----------------+-------+--------------------------------------------------+
; larguraDados    ; 32    ; Signed Integer                                   ;
; nPontosControle ; 3     ; Signed Integer                                   ;
+-----------------+-------+--------------------------------------------------+
Note: In order to hide this table in the UI and the text report file, please set the "Show Parameter Settings in Synthesis Report" option in "Analysis and Synthesis Settings -> More Settings" to "Off".


+-----------------------------------------------------------------------+
; Parameter Settings for User Entity Instance: registradorGenerico:REG1 ;
+----------------+-------+----------------------------------------------+
; Parameter Name ; Value ; Type                                         ;
+----------------+-------+----------------------------------------------+
; larguradados   ; 32    ; Signed Integer                               ;
+----------------+-------+----------------------------------------------+
Note: In order to hide this table in the UI and the text report file, please set the "Show Parameter Settings in Synthesis Report" option in "Analysis and Synthesis Settings -> More Settings" to "Off".


+-----------------------------------------------------------------------+
; Parameter Settings for User Entity Instance: registradorGenerico:REG2 ;
+----------------+-------+----------------------------------------------+
; Parameter Name ; Value ; Type                                         ;
+----------------+-------+----------------------------------------------+
; larguradados   ; 32    ; Signed Integer                               ;
+----------------+-------+----------------------------------------------+
Note: In order to hide this table in the UI and the text report file, please set the "Show Parameter Settings in Synthesis Report" option in "Analysis and Synthesis Settings -> More Settings" to "Off".


+-------------------------------------------------------------+
; Parameter Settings for User Entity Instance: ULASomaSub:ULA ;
+----------------+-------+------------------------------------+
; Parameter Name ; Value ; Type                               ;
+----------------+-------+------------------------------------+
; larguradados   ; 32    ; Signed Integer                     ;
+----------------+-------+------------------------------------+
Note: In order to hide this table in the UI and the text report file, please set the "Show Parameter Settings in Synthesis Report" option in "Analysis and Synthesis Settings -> More Settings" to "Off".


+------------------------------------------------------+
; Port Connectivity Checks: "registradorGenerico:REG2" ;
+------+-------+----------+----------------------------+
; Port ; Type  ; Severity ; Details                    ;
+------+-------+----------+----------------------------+
; rst  ; Input ; Info     ; Stuck at GND               ;
+------+-------+----------+----------------------------+


+------------------------------------------------------+
; Port Connectivity Checks: "registradorGenerico:REG1" ;
+------+-------+----------+----------------------------+
; Port ; Type  ; Severity ; Details                    ;
+------+-------+----------+----------------------------+
; rst  ; Input ; Info     ; Stuck at GND               ;
+------+-------+----------+----------------------------+


+-----------------------------------------------------+
; Post-Synthesis Netlist Statistics for Top Partition ;
+-----------------------+-----------------------------+
; Type                  ; Count                       ;
+-----------------------+-----------------------------+
; arriav_lcell_comb     ; 1                           ;
;     normal            ; 1                           ;
;         0 data inputs ; 1                           ;
; boundary_port         ; 67                          ;
;                       ;                             ;
; Max LUT depth         ; 0.00                        ;
; Average LUT depth     ; 0.00                        ;
+-----------------------+-----------------------------+


+-------------------------------+
; Elapsed Time Per Partition    ;
+----------------+--------------+
; Partition Name ; Elapsed Time ;
+----------------+--------------+
; Top            ; 00:00:00     ;
+----------------+--------------+


+-------------------------------+
; Analysis & Synthesis Messages ;
+-------------------------------+
Info: *******************************************************************
Info: Running Quartus Prime Analysis & Synthesis
    Info: Version 20.1.0 Build 711 06/05/2020 SJ Lite Edition
    Info: Processing started: Wed Mar 30 18:40:53 2022
Info: Command: quartus_map --read_settings_files=on --write_settings_files=off exercicio2 -c exercicio2
Warning (18236): Number of processors has not been specified which may cause overloading on shared machines.  Set the global assignment NUM_PARALLEL_PROCESSORS in your QSF to an appropriate value for best performance.
Info (20030): Parallel compilation is enabled and will use 2 of the 2 processors detected
Info (12021): Found 2 design units, including 1 entities, in source file /users/bea/descomp/meu_careca_preferido/modelosvhdl/combinacionais/registradorgenerico.vhd
    Info (12022): Found design unit 1: registradorGenerico-comportamento File: C:/Users/Bea/descomp/meu_careca_preferido/modelosVHDL/combinacionais/registradorGenerico.vhd Line: 15
    Info (12023): Found entity 1: registradorGenerico File: C:/Users/Bea/descomp/meu_careca_preferido/modelosVHDL/combinacionais/registradorGenerico.vhd Line: 4
Info (12021): Found 2 design units, including 1 entities, in source file /users/bea/descomp/meu_careca_preferido/modelosvhdl/combinacionais/muxgenerico2x1.vhd
    Info (12022): Found design unit 1: muxGenerico2x1-comportamento File: C:/Users/Bea/descomp/meu_careca_preferido/modelosVHDL/combinacionais/muxGenerico2x1.vhd Line: 14
    Info (12023): Found entity 1: muxGenerico2x1 File: C:/Users/Bea/descomp/meu_careca_preferido/modelosVHDL/combinacionais/muxGenerico2x1.vhd Line: 4
Info (12021): Found 2 design units, including 1 entities, in source file /users/bea/descomp/meu_careca_preferido/modelosvhdl/circuitos_sequenciais/ulasomasub.vhd
    Info (12022): Found design unit 1: ULASomaSub-comportamento File: C:/Users/Bea/descomp/meu_careca_preferido/modelosVHDL/circuitos_sequenciais/ULASomaSub.vhd Line: 14
    Info (12023): Found entity 1: ULASomaSub File: C:/Users/Bea/descomp/meu_careca_preferido/modelosVHDL/circuitos_sequenciais/ULASomaSub.vhd Line: 5
Info (12021): Found 2 design units, including 1 entities, in source file exercicio2.vhd
    Info (12022): Found design unit 1: exercicio2-arquitetura File: C:/Users/Bea/descomp/meu_careca_preferido/exerciciosVHDL/exercicio2/exercicio2.vhd Line: 22
    Info (12023): Found entity 1: exercicio2 File: C:/Users/Bea/descomp/meu_careca_preferido/exerciciosVHDL/exercicio2/exercicio2.vhd Line: 5
Info (12127): Elaborating entity "exercicio2" for the top level hierarchy
Warning (10541): VHDL Signal Declaration warning at exercicio2.vhd(27): used implicit default value for signal "CLK" because signal was never assigned a value or an explicit default value. Use of implicit default value may introduce unintended design optimizations. File: C:/Users/Bea/descomp/meu_careca_preferido/exerciciosVHDL/exercicio2/exercicio2.vhd Line: 27
Info (12128): Elaborating entity "registradorGenerico" for hierarchy "registradorGenerico:REG1" File: C:/Users/Bea/descomp/meu_careca_preferido/exerciciosVHDL/exercicio2/exercicio2.vhd Line: 38
Info (12128): Elaborating entity "ULASomaSub" for hierarchy "ULASomaSub:ULA" File: C:/Users/Bea/descomp/meu_careca_preferido/exerciciosVHDL/exercicio2/exercicio2.vhd Line: 52
Warning (13024): Output pins are stuck at VCC or GND
    Warning (13410): Pin "saida[0]" is stuck at GND File: C:/Users/Bea/descomp/meu_careca_preferido/exerciciosVHDL/exercicio2/exercicio2.vhd Line: 17
    Warning (13410): Pin "saida[1]" is stuck at GND File: C:/Users/Bea/descomp/meu_careca_preferido/exerciciosVHDL/exercicio2/exercicio2.vhd Line: 17
    Warning (13410): Pin "saida[2]" is stuck at GND File: C:/Users/Bea/descomp/meu_careca_preferido/exerciciosVHDL/exercicio2/exercicio2.vhd Line: 17
    Warning (13410): Pin "saida[3]" is stuck at GND File: C:/Users/Bea/descomp/meu_careca_preferido/exerciciosVHDL/exercicio2/exercicio2.vhd Line: 17
    Warning (13410): Pin "saida[4]" is stuck at GND File: C:/Users/Bea/descomp/meu_careca_preferido/exerciciosVHDL/exercicio2/exercicio2.vhd Line: 17
    Warning (13410): Pin "saida[5]" is stuck at GND File: C:/Users/Bea/descomp/meu_careca_preferido/exerciciosVHDL/exercicio2/exercicio2.vhd Line: 17
    Warning (13410): Pin "saida[6]" is stuck at GND File: C:/Users/Bea/descomp/meu_careca_preferido/exerciciosVHDL/exercicio2/exercicio2.vhd Line: 17
    Warning (13410): Pin "saida[7]" is stuck at GND File: C:/Users/Bea/descomp/meu_careca_preferido/exerciciosVHDL/exercicio2/exercicio2.vhd Line: 17
    Warning (13410): Pin "saida[8]" is stuck at GND File: C:/Users/Bea/descomp/meu_careca_preferido/exerciciosVHDL/exercicio2/exercicio2.vhd Line: 17
    Warning (13410): Pin "saida[9]" is stuck at GND File: C:/Users/Bea/descomp/meu_careca_preferido/exerciciosVHDL/exercicio2/exercicio2.vhd Line: 17
    Warning (13410): Pin "saida[10]" is stuck at GND File: C:/Users/Bea/descomp/meu_careca_preferido/exerciciosVHDL/exercicio2/exercicio2.vhd Line: 17
    Warning (13410): Pin "saida[11]" is stuck at GND File: C:/Users/Bea/descomp/meu_careca_preferido/exerciciosVHDL/exercicio2/exercicio2.vhd Line: 17
    Warning (13410): Pin "saida[12]" is stuck at GND File: C:/Users/Bea/descomp/meu_careca_preferido/exerciciosVHDL/exercicio2/exercicio2.vhd Line: 17
    Warning (13410): Pin "saida[13]" is stuck at GND File: C:/Users/Bea/descomp/meu_careca_preferido/exerciciosVHDL/exercicio2/exercicio2.vhd Line: 17
    Warning (13410): Pin "saida[14]" is stuck at GND File: C:/Users/Bea/descomp/meu_careca_preferido/exerciciosVHDL/exercicio2/exercicio2.vhd Line: 17
    Warning (13410): Pin "saida[15]" is stuck at GND File: C:/Users/Bea/descomp/meu_careca_preferido/exerciciosVHDL/exercicio2/exercicio2.vhd Line: 17
    Warning (13410): Pin "saida[16]" is stuck at GND File: C:/Users/Bea/descomp/meu_careca_preferido/exerciciosVHDL/exercicio2/exercicio2.vhd Line: 17
    Warning (13410): Pin "saida[17]" is stuck at GND File: C:/Users/Bea/descomp/meu_careca_preferido/exerciciosVHDL/exercicio2/exercicio2.vhd Line: 17
    Warning (13410): Pin "saida[18]" is stuck at GND File: C:/Users/Bea/descomp/meu_careca_preferido/exerciciosVHDL/exercicio2/exercicio2.vhd Line: 17
    Warning (13410): Pin "saida[19]" is stuck at GND File: C:/Users/Bea/descomp/meu_careca_preferido/exerciciosVHDL/exercicio2/exercicio2.vhd Line: 17
    Warning (13410): Pin "saida[20]" is stuck at GND File: C:/Users/Bea/descomp/meu_careca_preferido/exerciciosVHDL/exercicio2/exercicio2.vhd Line: 17
    Warning (13410): Pin "saida[21]" is stuck at GND File: C:/Users/Bea/descomp/meu_careca_preferido/exerciciosVHDL/exercicio2/exercicio2.vhd Line: 17
    Warning (13410): Pin "saida[22]" is stuck at GND File: C:/Users/Bea/descomp/meu_careca_preferido/exerciciosVHDL/exercicio2/exercicio2.vhd Line: 17
    Warning (13410): Pin "saida[23]" is stuck at GND File: C:/Users/Bea/descomp/meu_careca_preferido/exerciciosVHDL/exercicio2/exercicio2.vhd Line: 17
    Warning (13410): Pin "saida[24]" is stuck at GND File: C:/Users/Bea/descomp/meu_careca_preferido/exerciciosVHDL/exercicio2/exercicio2.vhd Line: 17
    Warning (13410): Pin "saida[25]" is stuck at GND File: C:/Users/Bea/descomp/meu_careca_preferido/exerciciosVHDL/exercicio2/exercicio2.vhd Line: 17
    Warning (13410): Pin "saida[26]" is stuck at GND File: C:/Users/Bea/descomp/meu_careca_preferido/exerciciosVHDL/exercicio2/exercicio2.vhd Line: 17
    Warning (13410): Pin "saida[27]" is stuck at GND File: C:/Users/Bea/descomp/meu_careca_preferido/exerciciosVHDL/exercicio2/exercicio2.vhd Line: 17
    Warning (13410): Pin "saida[28]" is stuck at GND File: C:/Users/Bea/descomp/meu_careca_preferido/exerciciosVHDL/exercicio2/exercicio2.vhd Line: 17
    Warning (13410): Pin "saida[29]" is stuck at GND File: C:/Users/Bea/descomp/meu_careca_preferido/exerciciosVHDL/exercicio2/exercicio2.vhd Line: 17
    Warning (13410): Pin "saida[30]" is stuck at GND File: C:/Users/Bea/descomp/meu_careca_preferido/exerciciosVHDL/exercicio2/exercicio2.vhd Line: 17
    Warning (13410): Pin "saida[31]" is stuck at GND File: C:/Users/Bea/descomp/meu_careca_preferido/exerciciosVHDL/exercicio2/exercicio2.vhd Line: 17
Info (17049): 32 registers lost all their fanouts during netlist optimizations.
Info (16010): Generating hard_block partition "hard_block:auto_generated_inst"
    Info (16011): Adding 0 node(s), including 0 DDIO, 0 PLL, 0 transceiver and 0 LCELL
Warning (21074): Design contains 35 input pin(s) that do not drive logic
    Warning (15610): No output dependent on input pin "pontosControle[1]" File: C:/Users/Bea/descomp/meu_careca_preferido/exerciciosVHDL/exercicio2/exercicio2.vhd Line: 18
    Warning (15610): No output dependent on input pin "pontosControle[0]" File: C:/Users/Bea/descomp/meu_careca_preferido/exerciciosVHDL/exercicio2/exercicio2.vhd Line: 18
    Warning (15610): No output dependent on input pin "entrada[0]" File: C:/Users/Bea/descomp/meu_careca_preferido/exerciciosVHDL/exercicio2/exercicio2.vhd Line: 16
    Warning (15610): No output dependent on input pin "pontosControle[2]" File: C:/Users/Bea/descomp/meu_careca_preferido/exerciciosVHDL/exercicio2/exercicio2.vhd Line: 18
    Warning (15610): No output dependent on input pin "entrada[1]" File: C:/Users/Bea/descomp/meu_careca_preferido/exerciciosVHDL/exercicio2/exercicio2.vhd Line: 16
    Warning (15610): No output dependent on input pin "entrada[2]" File: C:/Users/Bea/descomp/meu_careca_preferido/exerciciosVHDL/exercicio2/exercicio2.vhd Line: 16
    Warning (15610): No output dependent on input pin "entrada[3]" File: C:/Users/Bea/descomp/meu_careca_preferido/exerciciosVHDL/exercicio2/exercicio2.vhd Line: 16
    Warning (15610): No output dependent on input pin "entrada[4]" File: C:/Users/Bea/descomp/meu_careca_preferido/exerciciosVHDL/exercicio2/exercicio2.vhd Line: 16
    Warning (15610): No output dependent on input pin "entrada[5]" File: C:/Users/Bea/descomp/meu_careca_preferido/exerciciosVHDL/exercicio2/exercicio2.vhd Line: 16
    Warning (15610): No output dependent on input pin "entrada[6]" File: C:/Users/Bea/descomp/meu_careca_preferido/exerciciosVHDL/exercicio2/exercicio2.vhd Line: 16
    Warning (15610): No output dependent on input pin "entrada[7]" File: C:/Users/Bea/descomp/meu_careca_preferido/exerciciosVHDL/exercicio2/exercicio2.vhd Line: 16
    Warning (15610): No output dependent on input pin "entrada[8]" File: C:/Users/Bea/descomp/meu_careca_preferido/exerciciosVHDL/exercicio2/exercicio2.vhd Line: 16
    Warning (15610): No output dependent on input pin "entrada[9]" File: C:/Users/Bea/descomp/meu_careca_preferido/exerciciosVHDL/exercicio2/exercicio2.vhd Line: 16
    Warning (15610): No output dependent on input pin "entrada[10]" File: C:/Users/Bea/descomp/meu_careca_preferido/exerciciosVHDL/exercicio2/exercicio2.vhd Line: 16
    Warning (15610): No output dependent on input pin "entrada[11]" File: C:/Users/Bea/descomp/meu_careca_preferido/exerciciosVHDL/exercicio2/exercicio2.vhd Line: 16
    Warning (15610): No output dependent on input pin "entrada[12]" File: C:/Users/Bea/descomp/meu_careca_preferido/exerciciosVHDL/exercicio2/exercicio2.vhd Line: 16
    Warning (15610): No output dependent on input pin "entrada[13]" File: C:/Users/Bea/descomp/meu_careca_preferido/exerciciosVHDL/exercicio2/exercicio2.vhd Line: 16
    Warning (15610): No output dependent on input pin "entrada[14]" File: C:/Users/Bea/descomp/meu_careca_preferido/exerciciosVHDL/exercicio2/exercicio2.vhd Line: 16
    Warning (15610): No output dependent on input pin "entrada[15]" File: C:/Users/Bea/descomp/meu_careca_preferido/exerciciosVHDL/exercicio2/exercicio2.vhd Line: 16
    Warning (15610): No output dependent on input pin "entrada[16]" File: C:/Users/Bea/descomp/meu_careca_preferido/exerciciosVHDL/exercicio2/exercicio2.vhd Line: 16
    Warning (15610): No output dependent on input pin "entrada[17]" File: C:/Users/Bea/descomp/meu_careca_preferido/exerciciosVHDL/exercicio2/exercicio2.vhd Line: 16
    Warning (15610): No output dependent on input pin "entrada[18]" File: C:/Users/Bea/descomp/meu_careca_preferido/exerciciosVHDL/exercicio2/exercicio2.vhd Line: 16
    Warning (15610): No output dependent on input pin "entrada[19]" File: C:/Users/Bea/descomp/meu_careca_preferido/exerciciosVHDL/exercicio2/exercicio2.vhd Line: 16
    Warning (15610): No output dependent on input pin "entrada[20]" File: C:/Users/Bea/descomp/meu_careca_preferido/exerciciosVHDL/exercicio2/exercicio2.vhd Line: 16
    Warning (15610): No output dependent on input pin "entrada[21]" File: C:/Users/Bea/descomp/meu_careca_preferido/exerciciosVHDL/exercicio2/exercicio2.vhd Line: 16
    Warning (15610): No output dependent on input pin "entrada[22]" File: C:/Users/Bea/descomp/meu_careca_preferido/exerciciosVHDL/exercicio2/exercicio2.vhd Line: 16
    Warning (15610): No output dependent on input pin "entrada[23]" File: C:/Users/Bea/descomp/meu_careca_preferido/exerciciosVHDL/exercicio2/exercicio2.vhd Line: 16
    Warning (15610): No output dependent on input pin "entrada[24]" File: C:/Users/Bea/descomp/meu_careca_preferido/exerciciosVHDL/exercicio2/exercicio2.vhd Line: 16
    Warning (15610): No output dependent on input pin "entrada[25]" File: C:/Users/Bea/descomp/meu_careca_preferido/exerciciosVHDL/exercicio2/exercicio2.vhd Line: 16
    Warning (15610): No output dependent on input pin "entrada[26]" File: C:/Users/Bea/descomp/meu_careca_preferido/exerciciosVHDL/exercicio2/exercicio2.vhd Line: 16
    Warning (15610): No output dependent on input pin "entrada[27]" File: C:/Users/Bea/descomp/meu_careca_preferido/exerciciosVHDL/exercicio2/exercicio2.vhd Line: 16
    Warning (15610): No output dependent on input pin "entrada[28]" File: C:/Users/Bea/descomp/meu_careca_preferido/exerciciosVHDL/exercicio2/exercicio2.vhd Line: 16
    Warning (15610): No output dependent on input pin "entrada[29]" File: C:/Users/Bea/descomp/meu_careca_preferido/exerciciosVHDL/exercicio2/exercicio2.vhd Line: 16
    Warning (15610): No output dependent on input pin "entrada[30]" File: C:/Users/Bea/descomp/meu_careca_preferido/exerciciosVHDL/exercicio2/exercicio2.vhd Line: 16
    Warning (15610): No output dependent on input pin "entrada[31]" File: C:/Users/Bea/descomp/meu_careca_preferido/exerciciosVHDL/exercicio2/exercicio2.vhd Line: 16
Info (21057): Implemented 67 device resources after synthesis - the final resource count might be different
    Info (21058): Implemented 35 input pins
    Info (21059): Implemented 32 output pins
Info: Quartus Prime Analysis & Synthesis was successful. 0 errors, 71 warnings
    Info: Peak virtual memory: 4853 megabytes
    Info: Processing ended: Wed Mar 30 18:41:04 2022
    Info: Elapsed time: 00:00:11
    Info: Total CPU time (on all processors): 00:00:22


