Analysis & Synthesis report for aula7
Wed Apr 13 20:05:22 2022
Quartus Prime Version 20.1.0 Build 711 06/05/2020 SJ Lite Edition


---------------------
; Table of Contents ;
---------------------
  1. Legal Notice
  2. Analysis & Synthesis Summary
  3. Analysis & Synthesis Settings
  4. Parallel Compilation
  5. Analysis & Synthesis Source Files Read
  6. Analysis & Synthesis Resource Usage Summary
  7. Analysis & Synthesis Resource Utilization by Entity
  8. General Register Statistics
  9. Parameter Settings for User Entity Instance: Top-level Entity: |contador
 10. Parameter Settings for User Entity Instance: memoriaROM:ROM
 11. Parameter Settings for User Entity Instance: memoriaRAM:RAM
 12. Parameter Settings for User Entity Instance: CPU:CPU
 13. Parameter Settings for User Entity Instance: CPU:CPU|muxGenerico2x1:MUX_ULA
 14. Parameter Settings for User Entity Instance: CPU:CPU|registradorGenerico:REG_A
 15. Parameter Settings for User Entity Instance: CPU:CPU|registradorGenerico:PC
 16. Parameter Settings for User Entity Instance: CPU:CPU|somaUm:PC_INC
 17. Parameter Settings for User Entity Instance: CPU:CPU|registradorGenerico:END_RETORNO
 18. Parameter Settings for User Entity Instance: CPU:CPU|muxGenerico4x1:MUX_DESVIO
 19. Parameter Settings for User Entity Instance: CPU:CPU|ULASomaSub:ULA
 20. Parameter Settings for User Entity Instance: registradorGenerico:FFLEDconj
 21. Port Connectivity Checks: "decoder3x8:decoderLED"
 22. Port Connectivity Checks: "decoder3x8:decoderHab"
 23. Port Connectivity Checks: "registradorGenerico:FFLEDconj"
 24. Port Connectivity Checks: "flipFlop:FFLED9"
 25. Port Connectivity Checks: "flipFlop:FFLED8"
 26. Port Connectivity Checks: "CPU:CPU|flipFlop:FLAG"
 27. Port Connectivity Checks: "CPU:CPU|muxGenerico4x1:MUX_DESVIO"
 28. Port Connectivity Checks: "CPU:CPU|registradorGenerico:END_RETORNO"
 29. Port Connectivity Checks: "CPU:CPU|registradorGenerico:PC"
 30. Port Connectivity Checks: "CPU:CPU|registradorGenerico:REG_A"
 31. Port Connectivity Checks: "CPU:CPU"
 32. Post-Synthesis Netlist Statistics for Top Partition
 33. Elapsed Time Per Partition
 34. Analysis & Synthesis Messages



----------------
; Legal Notice ;
----------------
Copyright (C) 2020  Intel Corporation. All rights reserved.
Your use of Intel Corporation's design tools, logic functions 
and other software and tools, and any partner logic 
functions, and any output files from any of the foregoing 
(including device programming or simulation files), and any 
associated documentation or information are expressly subject 
to the terms and conditions of the Intel Program License 
Subscription Agreement, the Intel Quartus Prime License Agreement,
the Intel FPGA IP License Agreement, or other applicable license
agreement, including, without limitation, that your use is for
the sole purpose of programming logic devices manufactured by
Intel and sold by Intel or its authorized distributors.  Please
refer to the applicable agreement for further details, at
https://fpgasoftware.intel.com/eula.



+-------------------------------------------------------------------------------+
; Analysis & Synthesis Summary                                                  ;
+---------------------------------+---------------------------------------------+
; Analysis & Synthesis Status     ; Successful - Wed Apr 13 20:05:22 2022       ;
; Quartus Prime Version           ; 20.1.0 Build 711 06/05/2020 SJ Lite Edition ;
; Revision Name                   ; aula7                                       ;
; Top-level Entity Name           ; contador                                    ;
; Family                          ; Cyclone V                                   ;
; Logic utilization (in ALMs)     ; N/A                                         ;
; Total registers                 ; 0                                           ;
; Total pins                      ; 2                                           ;
; Total virtual pins              ; 0                                           ;
; Total block memory bits         ; 0                                           ;
; Total DSP Blocks                ; 0                                           ;
; Total HSSI RX PCSs              ; 0                                           ;
; Total HSSI PMA RX Deserializers ; 0                                           ;
; Total HSSI TX PCSs              ; 0                                           ;
; Total HSSI PMA TX Serializers   ; 0                                           ;
; Total PLLs                      ; 0                                           ;
; Total DLLs                      ; 0                                           ;
+---------------------------------+---------------------------------------------+


+---------------------------------------------------------------------------------------------------------------------------+
; Analysis & Synthesis Settings                                                                                             ;
+---------------------------------------------------------------------------------+--------------------+--------------------+
; Option                                                                          ; Setting            ; Default Value      ;
+---------------------------------------------------------------------------------+--------------------+--------------------+
; Device                                                                          ; 5CEBA4F23C7        ;                    ;
; Top-level entity name                                                           ; contador           ; aula7              ;
; Family name                                                                     ; Cyclone V          ; Cyclone V          ;
; VHDL Show LMF Mapping Messages                                                  ; Off                ;                    ;
; VHDL Version                                                                    ; VHDL_2008          ; VHDL_1993          ;
; Use smart compilation                                                           ; Off                ; Off                ;
; Enable parallel Assembler and Timing Analyzer during compilation                ; On                 ; On                 ;
; Enable compact report table                                                     ; Off                ; Off                ;
; Restructure Multiplexers                                                        ; Auto               ; Auto               ;
; MLAB Add Timing Constraints For Mixed-Port Feed-Through Mode Setting Don't Care ; Off                ; Off                ;
; Create Debugging Nodes for IP Cores                                             ; Off                ; Off                ;
; Preserve fewer node names                                                       ; On                 ; On                 ;
; Intel FPGA IP Evaluation Mode                                                   ; Enable             ; Enable             ;
; Verilog Version                                                                 ; Verilog_2001       ; Verilog_2001       ;
; State Machine Processing                                                        ; Auto               ; Auto               ;
; Safe State Machine                                                              ; Off                ; Off                ;
; Extract Verilog State Machines                                                  ; On                 ; On                 ;
; Extract VHDL State Machines                                                     ; On                 ; On                 ;
; Ignore Verilog initial constructs                                               ; Off                ; Off                ;
; Iteration limit for constant Verilog loops                                      ; 5000               ; 5000               ;
; Iteration limit for non-constant Verilog loops                                  ; 250                ; 250                ;
; Add Pass-Through Logic to Inferred RAMs                                         ; On                 ; On                 ;
; Infer RAMs from Raw Logic                                                       ; On                 ; On                 ;
; Parallel Synthesis                                                              ; On                 ; On                 ;
; DSP Block Balancing                                                             ; Auto               ; Auto               ;
; NOT Gate Push-Back                                                              ; On                 ; On                 ;
; Power-Up Don't Care                                                             ; On                 ; On                 ;
; Remove Redundant Logic Cells                                                    ; Off                ; Off                ;
; Remove Duplicate Registers                                                      ; On                 ; On                 ;
; Ignore CARRY Buffers                                                            ; Off                ; Off                ;
; Ignore CASCADE Buffers                                                          ; Off                ; Off                ;
; Ignore GLOBAL Buffers                                                           ; Off                ; Off                ;
; Ignore ROW GLOBAL Buffers                                                       ; Off                ; Off                ;
; Ignore LCELL Buffers                                                            ; Off                ; Off                ;
; Ignore SOFT Buffers                                                             ; On                 ; On                 ;
; Limit AHDL Integers to 32 Bits                                                  ; Off                ; Off                ;
; Optimization Technique                                                          ; Balanced           ; Balanced           ;
; Carry Chain Length                                                              ; 70                 ; 70                 ;
; Auto Carry Chains                                                               ; On                 ; On                 ;
; Auto Open-Drain Pins                                                            ; On                 ; On                 ;
; Perform WYSIWYG Primitive Resynthesis                                           ; Off                ; Off                ;
; Auto ROM Replacement                                                            ; On                 ; On                 ;
; Auto RAM Replacement                                                            ; On                 ; On                 ;
; Auto DSP Block Replacement                                                      ; On                 ; On                 ;
; Auto Shift Register Replacement                                                 ; Auto               ; Auto               ;
; Allow Shift Register Merging across Hierarchies                                 ; Auto               ; Auto               ;
; Auto Clock Enable Replacement                                                   ; On                 ; On                 ;
; Strict RAM Replacement                                                          ; Off                ; Off                ;
; Allow Synchronous Control Signals                                               ; On                 ; On                 ;
; Force Use of Synchronous Clear Signals                                          ; Off                ; Off                ;
; Auto Resource Sharing                                                           ; Off                ; Off                ;
; Allow Any RAM Size For Recognition                                              ; Off                ; Off                ;
; Allow Any ROM Size For Recognition                                              ; Off                ; Off                ;
; Allow Any Shift Register Size For Recognition                                   ; Off                ; Off                ;
; Use LogicLock Constraints during Resource Balancing                             ; On                 ; On                 ;
; Ignore translate_off and synthesis_off directives                               ; Off                ; Off                ;
; Timing-Driven Synthesis                                                         ; On                 ; On                 ;
; Report Parameter Settings                                                       ; On                 ; On                 ;
; Report Source Assignments                                                       ; On                 ; On                 ;
; Report Connectivity Checks                                                      ; On                 ; On                 ;
; Ignore Maximum Fan-Out Assignments                                              ; Off                ; Off                ;
; Synchronization Register Chain Length                                           ; 3                  ; 3                  ;
; Power Optimization During Synthesis                                             ; Normal compilation ; Normal compilation ;
; HDL message level                                                               ; Level2             ; Level2             ;
; Suppress Register Optimization Related Messages                                 ; Off                ; Off                ;
; Number of Removed Registers Reported in Synthesis Report                        ; 5000               ; 5000               ;
; Number of Swept Nodes Reported in Synthesis Report                              ; 5000               ; 5000               ;
; Number of Inverted Registers Reported in Synthesis Report                       ; 100                ; 100                ;
; Clock MUX Protection                                                            ; On                 ; On                 ;
; Auto Gated Clock Conversion                                                     ; Off                ; Off                ;
; Block Design Naming                                                             ; Auto               ; Auto               ;
; SDC constraint protection                                                       ; Off                ; Off                ;
; Synthesis Effort                                                                ; Auto               ; Auto               ;
; Shift Register Replacement - Allow Asynchronous Clear Signal                    ; On                 ; On                 ;
; Pre-Mapping Resynthesis Optimization                                            ; Off                ; Off                ;
; Analysis & Synthesis Message Level                                              ; Medium             ; Medium             ;
; Disable Register Merging Across Hierarchies                                     ; Auto               ; Auto               ;
; Resource Aware Inference For Block RAM                                          ; On                 ; On                 ;
; Automatic Parallel Synthesis                                                    ; On                 ; On                 ;
; Partial Reconfiguration Bitstream ID                                            ; Off                ; Off                ;
+---------------------------------------------------------------------------------+--------------------+--------------------+


+------------------------------------------+
; Parallel Compilation                     ;
+----------------------------+-------------+
; Processors                 ; Number      ;
+----------------------------+-------------+
; Number detected on machine ; 4           ;
; Maximum allowed            ; 2           ;
;                            ;             ;
; Average used               ; 1.00        ;
; Maximum used               ; 1           ;
;                            ;             ;
; Usage by Processor         ; % Time Used ;
;     Processor 1            ; 100.0%      ;
+----------------------------+-------------+


+---------------------------------------------------------------------------------------------------------------------------------------------------------------------------+
; Analysis & Synthesis Source Files Read                                                                                                                                    ;
+----------------------------------+-----------------+-----------------+------------------------------------------------------------------------------------------+---------+
; File Name with User-Entered Path ; Used in Netlist ; File Type       ; File Name with Absolute Path                                                             ; Library ;
+----------------------------------+-----------------+-----------------+------------------------------------------------------------------------------------------+---------+
; CPU.vhd                          ; yes             ; User VHDL File  ; C:/Users/Bea/descomp/meu_careca_preferido/atividades/atividade_7/CPU.vhd                 ;         ;
; ULASomaSub.vhd                   ; yes             ; User VHDL File  ; C:/Users/Bea/descomp/meu_careca_preferido/atividades/atividade_7/ULASomaSub.vhd          ;         ;
; somaUm.vhd                       ; yes             ; User VHDL File  ; C:/Users/Bea/descomp/meu_careca_preferido/atividades/atividade_7/somaUm.vhd              ;         ;
; registradorGenerico.vhd          ; yes             ; User VHDL File  ; C:/Users/Bea/descomp/meu_careca_preferido/atividades/atividade_7/registradorGenerico.vhd ;         ;
; muxGenerico4x1.vhd               ; yes             ; User VHDL File  ; C:/Users/Bea/descomp/meu_careca_preferido/atividades/atividade_7/muxGenerico4x1.vhd      ;         ;
; muxGenerico2x1.vhd               ; yes             ; User VHDL File  ; C:/Users/Bea/descomp/meu_careca_preferido/atividades/atividade_7/muxGenerico2x1.vhd      ;         ;
; memoriaRAM.vhd                   ; yes             ; User VHDL File  ; C:/Users/Bea/descomp/meu_careca_preferido/atividades/atividade_7/memoriaRAM.vhd          ;         ;
; memoria.vhd                      ; yes             ; User VHDL File  ; C:/Users/Bea/descomp/meu_careca_preferido/atividades/atividade_7/memoria.vhd             ;         ;
; flipFlop.vhd                     ; yes             ; User VHDL File  ; C:/Users/Bea/descomp/meu_careca_preferido/atividades/atividade_7/flipFlop.vhd            ;         ;
; desvio.vhd                       ; yes             ; User VHDL File  ; C:/Users/Bea/descomp/meu_careca_preferido/atividades/atividade_7/desvio.vhd              ;         ;
; decoder.vhd                      ; yes             ; User VHDL File  ; C:/Users/Bea/descomp/meu_careca_preferido/atividades/atividade_7/decoder.vhd             ;         ;
; contador.vhd                     ; yes             ; User VHDL File  ; C:/Users/Bea/descomp/meu_careca_preferido/atividades/atividade_7/contador.vhd            ;         ;
; decoder3x8.vhd                   ; yes             ; User VHDL File  ; C:/Users/Bea/descomp/meu_careca_preferido/atividades/atividade_7/decoder3x8.vhd          ;         ;
+----------------------------------+-----------------+-----------------+------------------------------------------------------------------------------------------+---------+


+--------------------------------------------------------+
; Analysis & Synthesis Resource Usage Summary            ;
+---------------------------------------------+----------+
; Resource                                    ; Usage    ;
+---------------------------------------------+----------+
; Estimate of Logic utilization (ALMs needed) ; 0        ;
;                                             ;          ;
; Combinational ALUT usage for logic          ; 0        ;
;     -- 7 input functions                    ; 0        ;
;     -- 6 input functions                    ; 0        ;
;     -- 5 input functions                    ; 0        ;
;     -- 4 input functions                    ; 0        ;
;     -- <=3 input functions                  ; 0        ;
;                                             ;          ;
; Dedicated logic registers                   ; 0        ;
;                                             ;          ;
; I/O pins                                    ; 2        ;
;                                             ;          ;
; Total DSP Blocks                            ; 0        ;
;                                             ;          ;
; Maximum fan-out node                        ; CLOCK_50 ;
; Maximum fan-out                             ; 1        ;
; Total fan-out                               ; 2        ;
; Average fan-out                             ; 0.50     ;
+---------------------------------------------+----------+


+----------------------------------------------------------------------------------------------------------------------------------------------------------------------------------------+
; Analysis & Synthesis Resource Utilization by Entity                                                                                                                                    ;
+----------------------------+---------------------+---------------------------+-------------------+------------+------+--------------+---------------------+-------------+--------------+
; Compilation Hierarchy Node ; Combinational ALUTs ; Dedicated Logic Registers ; Block Memory Bits ; DSP Blocks ; Pins ; Virtual Pins ; Full Hierarchy Name ; Entity Name ; Library Name ;
+----------------------------+---------------------+---------------------------+-------------------+------------+------+--------------+---------------------+-------------+--------------+
; |contador                  ; 0 (0)               ; 0 (0)                     ; 0                 ; 0          ; 2    ; 0            ; |contador           ; contador    ; work         ;
+----------------------------+---------------------+---------------------------+-------------------+------------+------+--------------+---------------------+-------------+--------------+
Note: For table entries with two numbers listed, the numbers in parentheses indicate the number of resources of the given type used by the specific entity alone. The numbers listed outside of parentheses indicate the total resources of the given type used by the specific entity and all of its sub-entities in the hierarchy.


+------------------------------------------------------+
; General Register Statistics                          ;
+----------------------------------------------+-------+
; Statistic                                    ; Value ;
+----------------------------------------------+-------+
; Total registers                              ; 0     ;
; Number of registers using Synchronous Clear  ; 0     ;
; Number of registers using Synchronous Load   ; 0     ;
; Number of registers using Asynchronous Clear ; 0     ;
; Number of registers using Asynchronous Load  ; 0     ;
; Number of registers using Clock Enable       ; 0     ;
; Number of registers using Preset             ; 0     ;
+----------------------------------------------+-------+


+--------------------------------------------------------------------------+
; Parameter Settings for User Entity Instance: Top-level Entity: |contador ;
+------------------+-------+-----------------------------------------------+
; Parameter Name   ; Value ; Type                                          ;
+------------------+-------+-----------------------------------------------+
; larguraDados     ; 8     ; Signed Integer                                ;
; larguraEndereco  ; 9     ; Signed Integer                                ;
; larguraInstrucao ; 13    ; Signed Integer                                ;
; larguraOpCode    ; 4     ; Signed Integer                                ;
; addrWidth        ; 6     ; Signed Integer                                ;
; simulacao        ; true  ; Enumerated                                    ;
+------------------+-------+-----------------------------------------------+
Note: In order to hide this table in the UI and the text report file, please set the "Show Parameter Settings in Synthesis Report" option in "Analysis and Synthesis Settings -> More Settings" to "Off".


+-------------------------------------------------------------+
; Parameter Settings for User Entity Instance: memoriaROM:ROM ;
+----------------+-------+------------------------------------+
; Parameter Name ; Value ; Type                               ;
+----------------+-------+------------------------------------+
; datawidth      ; 13    ; Signed Integer                     ;
; addrwidth      ; 9     ; Signed Integer                     ;
+----------------+-------+------------------------------------+
Note: In order to hide this table in the UI and the text report file, please set the "Show Parameter Settings in Synthesis Report" option in "Analysis and Synthesis Settings -> More Settings" to "Off".


+-------------------------------------------------------------+
; Parameter Settings for User Entity Instance: memoriaRAM:RAM ;
+----------------+-------+------------------------------------+
; Parameter Name ; Value ; Type                               ;
+----------------+-------+------------------------------------+
; datawidth      ; 8     ; Signed Integer                     ;
; addrwidth      ; 6     ; Signed Integer                     ;
+----------------+-------+------------------------------------+
Note: In order to hide this table in the UI and the text report file, please set the "Show Parameter Settings in Synthesis Report" option in "Analysis and Synthesis Settings -> More Settings" to "Off".


+------------------------------------------------------+
; Parameter Settings for User Entity Instance: CPU:CPU ;
+------------------+-------+---------------------------+
; Parameter Name   ; Value ; Type                      ;
+------------------+-------+---------------------------+
; larguradados     ; 8     ; Signed Integer            ;
; larguraendereco  ; 9     ; Signed Integer            ;
; largurainstrucao ; 13    ; Signed Integer            ;
; larguraopcode    ; 4     ; Signed Integer            ;
; addrwidth        ; 6     ; Signed Integer            ;
; simulacao        ; true  ; Enumerated                ;
+------------------+-------+---------------------------+
Note: In order to hide this table in the UI and the text report file, please set the "Show Parameter Settings in Synthesis Report" option in "Analysis and Synthesis Settings -> More Settings" to "Off".


+-----------------------------------------------------------------------------+
; Parameter Settings for User Entity Instance: CPU:CPU|muxGenerico2x1:MUX_ULA ;
+----------------+-------+----------------------------------------------------+
; Parameter Name ; Value ; Type                                               ;
+----------------+-------+----------------------------------------------------+
; larguradados   ; 8     ; Signed Integer                                     ;
+----------------+-------+----------------------------------------------------+
Note: In order to hide this table in the UI and the text report file, please set the "Show Parameter Settings in Synthesis Report" option in "Analysis and Synthesis Settings -> More Settings" to "Off".


+--------------------------------------------------------------------------------+
; Parameter Settings for User Entity Instance: CPU:CPU|registradorGenerico:REG_A ;
+----------------+-------+-------------------------------------------------------+
; Parameter Name ; Value ; Type                                                  ;
+----------------+-------+-------------------------------------------------------+
; larguradados   ; 8     ; Signed Integer                                        ;
+----------------+-------+-------------------------------------------------------+
Note: In order to hide this table in the UI and the text report file, please set the "Show Parameter Settings in Synthesis Report" option in "Analysis and Synthesis Settings -> More Settings" to "Off".


+-----------------------------------------------------------------------------+
; Parameter Settings for User Entity Instance: CPU:CPU|registradorGenerico:PC ;
+----------------+-------+----------------------------------------------------+
; Parameter Name ; Value ; Type                                               ;
+----------------+-------+----------------------------------------------------+
; larguradados   ; 9     ; Signed Integer                                     ;
+----------------+-------+----------------------------------------------------+
Note: In order to hide this table in the UI and the text report file, please set the "Show Parameter Settings in Synthesis Report" option in "Analysis and Synthesis Settings -> More Settings" to "Off".


+--------------------------------------------------------------------+
; Parameter Settings for User Entity Instance: CPU:CPU|somaUm:PC_INC ;
+----------------+-------+-------------------------------------------+
; Parameter Name ; Value ; Type                                      ;
+----------------+-------+-------------------------------------------+
; larguradados   ; 9     ; Signed Integer                            ;
; constante      ; 1     ; Signed Integer                            ;
+----------------+-------+-------------------------------------------+
Note: In order to hide this table in the UI and the text report file, please set the "Show Parameter Settings in Synthesis Report" option in "Analysis and Synthesis Settings -> More Settings" to "Off".


+--------------------------------------------------------------------------------------+
; Parameter Settings for User Entity Instance: CPU:CPU|registradorGenerico:END_RETORNO ;
+----------------+-------+-------------------------------------------------------------+
; Parameter Name ; Value ; Type                                                        ;
+----------------+-------+-------------------------------------------------------------+
; larguradados   ; 9     ; Signed Integer                                              ;
+----------------+-------+-------------------------------------------------------------+
Note: In order to hide this table in the UI and the text report file, please set the "Show Parameter Settings in Synthesis Report" option in "Analysis and Synthesis Settings -> More Settings" to "Off".


+--------------------------------------------------------------------------------+
; Parameter Settings for User Entity Instance: CPU:CPU|muxGenerico4x1:MUX_DESVIO ;
+----------------+-------+-------------------------------------------------------+
; Parameter Name ; Value ; Type                                                  ;
+----------------+-------+-------------------------------------------------------+
; larguradados   ; 9     ; Signed Integer                                        ;
+----------------+-------+-------------------------------------------------------+
Note: In order to hide this table in the UI and the text report file, please set the "Show Parameter Settings in Synthesis Report" option in "Analysis and Synthesis Settings -> More Settings" to "Off".


+---------------------------------------------------------------------+
; Parameter Settings for User Entity Instance: CPU:CPU|ULASomaSub:ULA ;
+----------------+-------+--------------------------------------------+
; Parameter Name ; Value ; Type                                       ;
+----------------+-------+--------------------------------------------+
; larguradados   ; 8     ; Signed Integer                             ;
+----------------+-------+--------------------------------------------+
Note: In order to hide this table in the UI and the text report file, please set the "Show Parameter Settings in Synthesis Report" option in "Analysis and Synthesis Settings -> More Settings" to "Off".


+----------------------------------------------------------------------------+
; Parameter Settings for User Entity Instance: registradorGenerico:FFLEDconj ;
+----------------+-------+---------------------------------------------------+
; Parameter Name ; Value ; Type                                              ;
+----------------+-------+---------------------------------------------------+
; larguradados   ; 8     ; Signed Integer                                    ;
+----------------+-------+---------------------------------------------------+
Note: In order to hide this table in the UI and the text report file, please set the "Show Parameter Settings in Synthesis Report" option in "Analysis and Synthesis Settings -> More Settings" to "Off".


+-----------------------------------------------------------------------------------------------------------------------+
; Port Connectivity Checks: "decoder3x8:decoderLED"                                                                     ;
+-------------+--------+----------+-------------------------------------------------------------------------------------+
; Port        ; Type   ; Severity ; Details                                                                             ;
+-------------+--------+----------+-------------------------------------------------------------------------------------+
; saida[7..3] ; Output ; Info     ; Connected to dangling logic. Logic that only feeds a dangling port will be removed. ;
+-------------+--------+----------+-------------------------------------------------------------------------------------+


+-----------------------------------------------------------------------------------------------------------------------+
; Port Connectivity Checks: "decoder3x8:decoderHab"                                                                     ;
+-------------+--------+----------+-------------------------------------------------------------------------------------+
; Port        ; Type   ; Severity ; Details                                                                             ;
+-------------+--------+----------+-------------------------------------------------------------------------------------+
; saida[7..5] ; Output ; Info     ; Connected to dangling logic. Logic that only feeds a dangling port will be removed. ;
; saida[3..1] ; Output ; Info     ; Connected to dangling logic. Logic that only feeds a dangling port will be removed. ;
+-------------+--------+----------+-------------------------------------------------------------------------------------+


+----------------------------------------------------------------------------------------------------------------+
; Port Connectivity Checks: "registradorGenerico:FFLEDconj"                                                      ;
+------+--------+----------+-------------------------------------------------------------------------------------+
; Port ; Type   ; Severity ; Details                                                                             ;
+------+--------+----------+-------------------------------------------------------------------------------------+
; dout ; Output ; Info     ; Connected to dangling logic. Logic that only feeds a dangling port will be removed. ;
; rst  ; Input  ; Info     ; Stuck at GND                                                                        ;
+------+--------+----------+-------------------------------------------------------------------------------------+


+----------------------------------------------------------------------------------------------------------------+
; Port Connectivity Checks: "flipFlop:FFLED9"                                                                    ;
+------+--------+----------+-------------------------------------------------------------------------------------+
; Port ; Type   ; Severity ; Details                                                                             ;
+------+--------+----------+-------------------------------------------------------------------------------------+
; dout ; Output ; Info     ; Connected to dangling logic. Logic that only feeds a dangling port will be removed. ;
; rst  ; Input  ; Info     ; Stuck at GND                                                                        ;
+------+--------+----------+-------------------------------------------------------------------------------------+


+----------------------------------------------------------------------------------------------------------------+
; Port Connectivity Checks: "flipFlop:FFLED8"                                                                    ;
+------+--------+----------+-------------------------------------------------------------------------------------+
; Port ; Type   ; Severity ; Details                                                                             ;
+------+--------+----------+-------------------------------------------------------------------------------------+
; dout ; Output ; Info     ; Connected to dangling logic. Logic that only feeds a dangling port will be removed. ;
; rst  ; Input  ; Info     ; Stuck at GND                                                                        ;
+------+--------+----------+-------------------------------------------------------------------------------------+


+---------------------------------------------------+
; Port Connectivity Checks: "CPU:CPU|flipFlop:FLAG" ;
+------+-------+----------+-------------------------+
; Port ; Type  ; Severity ; Details                 ;
+------+-------+----------+-------------------------+
; rst  ; Input ; Info     ; Stuck at GND            ;
+------+-------+----------+-------------------------+


+---------------------------------------------------------------+
; Port Connectivity Checks: "CPU:CPU|muxGenerico4x1:MUX_DESVIO" ;
+--------------+-------+----------+-----------------------------+
; Port         ; Type  ; Severity ; Details                     ;
+--------------+-------+----------+-----------------------------+
; entradad_mux ; Input ; Info     ; Stuck at GND                ;
+--------------+-------+----------+-----------------------------+


+---------------------------------------------------------------------+
; Port Connectivity Checks: "CPU:CPU|registradorGenerico:END_RETORNO" ;
+------+-------+----------+-------------------------------------------+
; Port ; Type  ; Severity ; Details                                   ;
+------+-------+----------+-------------------------------------------+
; rst  ; Input ; Info     ; Stuck at GND                              ;
+------+-------+----------+-------------------------------------------+


+------------------------------------------------------------+
; Port Connectivity Checks: "CPU:CPU|registradorGenerico:PC" ;
+--------+-------+----------+--------------------------------+
; Port   ; Type  ; Severity ; Details                        ;
+--------+-------+----------+--------------------------------+
; enable ; Input ; Info     ; Stuck at VCC                   ;
; rst    ; Input ; Info     ; Stuck at GND                   ;
+--------+-------+----------+--------------------------------+


+---------------------------------------------------------------+
; Port Connectivity Checks: "CPU:CPU|registradorGenerico:REG_A" ;
+------+-------+----------+-------------------------------------+
; Port ; Type  ; Severity ; Details                             ;
+------+-------+----------+-------------------------------------+
; rst  ; Input ; Info     ; Stuck at GND                        ;
+------+-------+----------+-------------------------------------+


+-------------------------------------------------------------------------------------------------------------------------+
; Port Connectivity Checks: "CPU:CPU"                                                                                     ;
+---------------+--------+----------+-------------------------------------------------------------------------------------+
; Port          ; Type   ; Severity ; Details                                                                             ;
+---------------+--------+----------+-------------------------------------------------------------------------------------+
; control[3..2] ; Output ; Info     ; Connected to dangling logic. Logic that only feeds a dangling port will be removed. ;
+---------------+--------+----------+-------------------------------------------------------------------------------------+


+-----------------------------------------------------+
; Post-Synthesis Netlist Statistics for Top Partition ;
+-------------------+---------------------------------+
; Type              ; Count                           ;
+-------------------+---------------------------------+
; boundary_port     ; 2                               ;
;                   ;                                 ;
; Max LUT depth     ; 0.00                            ;
; Average LUT depth ; 0.00                            ;
+-------------------+---------------------------------+


+-------------------------------+
; Elapsed Time Per Partition    ;
+----------------+--------------+
; Partition Name ; Elapsed Time ;
+----------------+--------------+
; Top            ; 00:00:00     ;
+----------------+--------------+


+-------------------------------+
; Analysis & Synthesis Messages ;
+-------------------------------+
Info: *******************************************************************
Info: Running Quartus Prime Analysis & Synthesis
    Info: Version 20.1.0 Build 711 06/05/2020 SJ Lite Edition
    Info: Processing started: Wed Apr 13 20:05:11 2022
Info: Command: quartus_map --read_settings_files=on --write_settings_files=off aula7 -c aula7
Warning (18236): Number of processors has not been specified which may cause overloading on shared machines.  Set the global assignment NUM_PARALLEL_PROCESSORS in your QSF to an appropriate value for best performance.
Info (20030): Parallel compilation is enabled and will use 2 of the 2 processors detected
Info (12021): Found 2 design units, including 1 entities, in source file cpu.vhd
    Info (12022): Found design unit 1: CPU-arquitetura File: C:/Users/Bea/descomp/meu_careca_preferido/atividades/atividade_7/CPU.vhd Line: 28
    Info (12023): Found entity 1: CPU File: C:/Users/Bea/descomp/meu_careca_preferido/atividades/atividade_7/CPU.vhd Line: 4
Info (12021): Found 2 design units, including 1 entities, in source file ulasomasub.vhd
    Info (12022): Found design unit 1: ULASomaSub-comportamento File: C:/Users/Bea/descomp/meu_careca_preferido/atividades/atividade_7/ULASomaSub.vhd Line: 15
    Info (12023): Found entity 1: ULASomaSub File: C:/Users/Bea/descomp/meu_careca_preferido/atividades/atividade_7/ULASomaSub.vhd Line: 5
Info (12021): Found 2 design units, including 1 entities, in source file somaum.vhd
    Info (12022): Found design unit 1: somaUm-comportamento File: C:/Users/Bea/descomp/meu_careca_preferido/atividades/atividade_7/somaUm.vhd Line: 19
    Info (12023): Found entity 1: somaUm File: C:/Users/Bea/descomp/meu_careca_preferido/atividades/atividade_7/somaUm.vhd Line: 6
Info (12021): Found 2 design units, including 1 entities, in source file registradorgenerico.vhd
    Info (12022): Found design unit 1: registradorGenerico-comportamento File: C:/Users/Bea/descomp/meu_careca_preferido/atividades/atividade_7/registradorGenerico.vhd Line: 16
    Info (12023): Found entity 1: registradorGenerico File: C:/Users/Bea/descomp/meu_careca_preferido/atividades/atividade_7/registradorGenerico.vhd Line: 5
Info (12021): Found 2 design units, including 1 entities, in source file muxgenerico4x1.vhd
    Info (12022): Found design unit 1: muxGenerico4x1-comportamento File: C:/Users/Bea/descomp/meu_careca_preferido/atividades/atividade_7/muxGenerico4x1.vhd Line: 15
    Info (12023): Found entity 1: muxGenerico4x1 File: C:/Users/Bea/descomp/meu_careca_preferido/atividades/atividade_7/muxGenerico4x1.vhd Line: 5
Info (12021): Found 2 design units, including 1 entities, in source file muxgenerico2x1.vhd
    Info (12022): Found design unit 1: muxGenerico2x1-comportamento File: C:/Users/Bea/descomp/meu_careca_preferido/atividades/atividade_7/muxGenerico2x1.vhd Line: 15
    Info (12023): Found entity 1: muxGenerico2x1 File: C:/Users/Bea/descomp/meu_careca_preferido/atividades/atividade_7/muxGenerico2x1.vhd Line: 5
Info (12021): Found 2 design units, including 1 entities, in source file memoriaram.vhd
    Info (12022): Found design unit 1: memoriaRAM-rtl File: C:/Users/Bea/descomp/meu_careca_preferido/atividades/atividade_7/memoriaRAM.vhd Line: 22
    Info (12023): Found entity 1: memoriaRAM File: C:/Users/Bea/descomp/meu_careca_preferido/atividades/atividade_7/memoriaRAM.vhd Line: 6
Info (12021): Found 2 design units, including 1 entities, in source file memoria.vhd
    Info (12022): Found design unit 1: memoriaROM-assincrona File: C:/Users/Bea/descomp/meu_careca_preferido/atividades/atividade_7/memoria.vhd Line: 16
    Info (12023): Found entity 1: memoriaROM File: C:/Users/Bea/descomp/meu_careca_preferido/atividades/atividade_7/memoria.vhd Line: 5
Info (12021): Found 2 design units, including 1 entities, in source file flipflop.vhd
    Info (12022): Found design unit 1: flipFlop-comportamento File: C:/Users/Bea/descomp/meu_careca_preferido/atividades/atividade_7/flipFlop.vhd Line: 14
    Info (12023): Found entity 1: flipFlop File: C:/Users/Bea/descomp/meu_careca_preferido/atividades/atividade_7/flipFlop.vhd Line: 5
Info (12021): Found 3 design units, including 1 entities, in source file edgedetector.vhd
    Info (12022): Found design unit 1: edgeDetector-bordaSubida File: C:/Users/Bea/descomp/meu_careca_preferido/atividades/atividade_7/edgeDetector.vhd Line: 10
    Info (12022): Found design unit 2: edgeDetector-bordaDescida File: C:/Users/Bea/descomp/meu_careca_preferido/atividades/atividade_7/edgeDetector.vhd Line: 23
    Info (12023): Found entity 1: edgeDetector File: C:/Users/Bea/descomp/meu_careca_preferido/atividades/atividade_7/edgeDetector.vhd Line: 4
Info (12021): Found 2 design units, including 1 entities, in source file desvio.vhd
    Info (12022): Found design unit 1: desvio-comportamento File: C:/Users/Bea/descomp/meu_careca_preferido/atividades/atividade_7/desvio.vhd Line: 13
    Info (12023): Found entity 1: desvio File: C:/Users/Bea/descomp/meu_careca_preferido/atividades/atividade_7/desvio.vhd Line: 7
Info (12021): Found 2 design units, including 1 entities, in source file decoder.vhd
    Info (12022): Found design unit 1: decoder-comportamento File: C:/Users/Bea/descomp/meu_careca_preferido/atividades/atividade_7/decoder.vhd Line: 11
    Info (12023): Found entity 1: decoder File: C:/Users/Bea/descomp/meu_careca_preferido/atividades/atividade_7/decoder.vhd Line: 5
Info (12021): Found 2 design units, including 1 entities, in source file contador.vhd
    Info (12022): Found design unit 1: contador-arquitetura File: C:/Users/Bea/descomp/meu_careca_preferido/atividades/atividade_7/contador.vhd Line: 24
    Info (12023): Found entity 1: contador File: C:/Users/Bea/descomp/meu_careca_preferido/atividades/atividade_7/contador.vhd Line: 4
Info (12021): Found 2 design units, including 1 entities, in source file decoder3x8.vhd
    Info (12022): Found design unit 1: decoder3x8-comportamento File: C:/Users/Bea/descomp/meu_careca_preferido/atividades/atividade_7/decoder3x8.vhd Line: 10
    Info (12023): Found entity 1: decoder3x8 File: C:/Users/Bea/descomp/meu_careca_preferido/atividades/atividade_7/decoder3x8.vhd Line: 4
Info (12127): Elaborating entity "contador" for the top level hierarchy
Warning (10036): Verilog HDL or VHDL warning at contador.vhd(56): object "saidaLEDconj" assigned a value but never read File: C:/Users/Bea/descomp/meu_careca_preferido/atividades/atividade_7/contador.vhd Line: 56
Warning (10036): Verilog HDL or VHDL warning at contador.vhd(58): object "saidaLED9" assigned a value but never read File: C:/Users/Bea/descomp/meu_careca_preferido/atividades/atividade_7/contador.vhd Line: 58
Warning (10036): Verilog HDL or VHDL warning at contador.vhd(60): object "saidaLED8" assigned a value but never read File: C:/Users/Bea/descomp/meu_careca_preferido/atividades/atividade_7/contador.vhd Line: 60
Info (12128): Elaborating entity "memoriaROM" for hierarchy "memoriaROM:ROM" File: C:/Users/Bea/descomp/meu_careca_preferido/atividades/atividade_7/contador.vhd Line: 80
Info (12128): Elaborating entity "memoriaRAM" for hierarchy "memoriaRAM:RAM" File: C:/Users/Bea/descomp/meu_careca_preferido/atividades/atividade_7/contador.vhd Line: 84
Info (12128): Elaborating entity "CPU" for hierarchy "CPU:CPU" File: C:/Users/Bea/descomp/meu_careca_preferido/atividades/atividade_7/contador.vhd Line: 93
Warning (10541): VHDL Signal Declaration warning at CPU.vhd(65): used implicit default value for signal "saidaDados" because signal was never assigned a value or an explicit default value. Use of implicit default value may introduce unintended design optimizations. File: C:/Users/Bea/descomp/meu_careca_preferido/atividades/atividade_7/CPU.vhd Line: 65
Warning (10873): Using initial value X (don't care) for net "control[3..2]" at CPU.vhd(16) File: C:/Users/Bea/descomp/meu_careca_preferido/atividades/atividade_7/CPU.vhd Line: 16
Info (12128): Elaborating entity "muxGenerico2x1" for hierarchy "CPU:CPU|muxGenerico2x1:MUX_ULA" File: C:/Users/Bea/descomp/meu_careca_preferido/atividades/atividade_7/CPU.vhd Line: 91
Info (12128): Elaborating entity "registradorGenerico" for hierarchy "CPU:CPU|registradorGenerico:REG_A" File: C:/Users/Bea/descomp/meu_careca_preferido/atividades/atividade_7/CPU.vhd Line: 98
Info (12128): Elaborating entity "registradorGenerico" for hierarchy "CPU:CPU|registradorGenerico:PC" File: C:/Users/Bea/descomp/meu_careca_preferido/atividades/atividade_7/CPU.vhd Line: 106
Info (12128): Elaborating entity "somaUm" for hierarchy "CPU:CPU|somaUm:PC_INC" File: C:/Users/Bea/descomp/meu_careca_preferido/atividades/atividade_7/CPU.vhd Line: 113
Info (12128): Elaborating entity "muxGenerico4x1" for hierarchy "CPU:CPU|muxGenerico4x1:MUX_DESVIO" File: C:/Users/Bea/descomp/meu_careca_preferido/atividades/atividade_7/CPU.vhd Line: 124
Info (12128): Elaborating entity "ULASomaSub" for hierarchy "CPU:CPU|ULASomaSub:ULA" File: C:/Users/Bea/descomp/meu_careca_preferido/atividades/atividade_7/CPU.vhd Line: 133
Info (12128): Elaborating entity "decoder" for hierarchy "CPU:CPU|decoder:DECODER" File: C:/Users/Bea/descomp/meu_careca_preferido/atividades/atividade_7/CPU.vhd Line: 141
Info (12128): Elaborating entity "desvio" for hierarchy "CPU:CPU|desvio:DESVIO" File: C:/Users/Bea/descomp/meu_careca_preferido/atividades/atividade_7/CPU.vhd Line: 145
Info (12128): Elaborating entity "flipFlop" for hierarchy "CPU:CPU|flipFlop:FLAG" File: C:/Users/Bea/descomp/meu_careca_preferido/atividades/atividade_7/CPU.vhd Line: 154
Info (12128): Elaborating entity "decoder3x8" for hierarchy "decoder3x8:decoderHab" File: C:/Users/Bea/descomp/meu_careca_preferido/atividades/atividade_7/contador.vhd Line: 124
Info (16010): Generating hard_block partition "hard_block:auto_generated_inst"
    Info (16011): Adding 0 node(s), including 0 DDIO, 0 PLL, 0 transceiver and 0 LCELL
Warning (21074): Design contains 2 input pin(s) that do not drive logic
    Warning (15610): No output dependent on input pin "CLOCK_50" File: C:/Users/Bea/descomp/meu_careca_preferido/atividades/atividade_7/contador.vhd Line: 18
    Warning (15610): No output dependent on input pin "clovis" File: C:/Users/Bea/descomp/meu_careca_preferido/atividades/atividade_7/contador.vhd Line: 19
Info (21057): Implemented 2 device resources after synthesis - the final resource count might be different
    Info (21058): Implemented 2 input pins
    Info (21059): Implemented 0 output pins
Info: Quartus Prime Analysis & Synthesis was successful. 0 errors, 9 warnings
    Info: Peak virtual memory: 4845 megabytes
    Info: Processing ended: Wed Apr 13 20:05:22 2022
    Info: Elapsed time: 00:00:11
    Info: Total CPU time (on all processors): 00:00:23


